2013-06-20T09:27:12+00:00 ERR (3): 
exception 'Exception' with message 'PayPal NVP CURL connection error #60: SSL certificate problem, verify that the CA cert is OK. Details:
error:14090086:SSL routines:SSL3_GET_SERVER_CERTIFICATE:certificate verify failed' in D:\xampp\htdocs\catwalk88\app\code\core\Mage\Paypal\Model\Api\Nvp.php:972
Stack trace:
#0 D:\xampp\htdocs\catwalk88\app\code\core\Mage\Paypal\Model\Hostedpro.php(174): Mage_Paypal_Model_Api_Nvp->call('BMCreateButton', Array)
#1 D:\xampp\htdocs\catwalk88\app\code\core\Mage\Paypal\Model\Hostedpro.php(142): Mage_Paypal_Model_Hostedpro->_sendFormUrlRequest(Object(Mage_Paypal_Model_Hostedpro_Request))
#2 D:\xampp\htdocs\catwalk88\app\code\core\Mage\Paypal\Model\Hostedpro.php(123): Mage_Paypal_Model_Hostedpro->_setPaymentFormUrl(Object(Mage_Sales_Model_Order_Payment))
#3 D:\xampp\htdocs\catwalk88\app\code\core\Mage\Sales\Model\Order\Payment.php(303): Mage_Paypal_Model_Hostedpro->initialize('Sale', Object(Varien_Object))
#4 D:\xampp\htdocs\catwalk88\app\code\core\Mage\Sales\Model\Order.php(877): Mage_Sales_Model_Order_Payment->place()
#5 D:\xampp\htdocs\catwalk88\app\code\core\Mage\Sales\Model\Order.php(1095): Mage_Sales_Model_Order->_placePayment()
#6 [internal function]: Mage_Sales_Model_Order->place()
#7 D:\xampp\htdocs\catwalk88\app\code\core\Mage\Core\Model\Resource\Transaction.php(105): call_user_func(Array)
#8 D:\xampp\htdocs\catwalk88\app\code\core\Mage\Core\Model\Resource\Transaction.php(159): Mage_Core_Model_Resource_Transaction->_runCallbacks()
#9 D:\xampp\htdocs\catwalk88\app\code\core\Mage\Sales\Model\Service\Quote.php(189): Mage_Core_Model_Resource_Transaction->save()
#10 D:\xampp\htdocs\catwalk88\app\code\core\Mage\Sales\Model\Service\Quote.php(249): Mage_Sales_Model_Service_Quote->submitOrder()
#11 D:\xampp\htdocs\catwalk88\app\code\core\Mage\Checkout\Model\Type\Onepage.php(774): Mage_Sales_Model_Service_Quote->submitAll()
#12 D:\xampp\htdocs\catwalk88\app\code\core\Mage\Checkout\controllers\OnepageController.php(511): Mage_Checkout_Model_Type_Onepage->saveOrder()
#13 D:\xampp\htdocs\catwalk88\app\code\core\Mage\Core\Controller\Varien\Action.php(419): Mage_Checkout_OnepageController->saveOrderAction()
#14 D:\xampp\htdocs\catwalk88\app\code\core\Mage\Core\Controller\Varien\Router\Standard.php(250): Mage_Core_Controller_Varien_Action->dispatch('saveOrder')
#15 D:\xampp\htdocs\catwalk88\app\code\core\Mage\Core\Controller\Varien\Front.php(176): Mage_Core_Controller_Varien_Router_Standard->match(Object(Mage_Core_Controller_Request_Http))
#16 D:\xampp\htdocs\catwalk88\app\code\core\Mage\Core\Model\App.php(354): Mage_Core_Controller_Varien_Front->dispatch()
#17 D:\xampp\htdocs\catwalk88\app\Mage.php(683): Mage_Core_Model_App->run(Array)
#18 D:\xampp\htdocs\catwalk88\index.php(89): Mage::run('', 'store')
#19 {main}
2013-06-20T09:27:12+00:00 ERR (3): 
exception 'Mage_Core_Exception' with message 'Unable to communicate with the PayPal gateway.' in D:\xampp\htdocs\catwalk88\app\Mage.php:594
Stack trace:
#0 D:\xampp\htdocs\catwalk88\app\code\core\Mage\Paypal\Model\Api\Nvp.php(977): Mage::throwException('Unable to commu...')
#1 D:\xampp\htdocs\catwalk88\app\code\core\Mage\Paypal\Model\Hostedpro.php(174): Mage_Paypal_Model_Api_Nvp->call('BMCreateButton', Array)
#2 D:\xampp\htdocs\catwalk88\app\code\core\Mage\Paypal\Model\Hostedpro.php(142): Mage_Paypal_Model_Hostedpro->_sendFormUrlRequest(Object(Mage_Paypal_Model_Hostedpro_Request))
#3 D:\xampp\htdocs\catwalk88\app\code\core\Mage\Paypal\Model\Hostedpro.php(123): Mage_Paypal_Model_Hostedpro->_setPaymentFormUrl(Object(Mage_Sales_Model_Order_Payment))
#4 D:\xampp\htdocs\catwalk88\app\code\core\Mage\Sales\Model\Order\Payment.php(303): Mage_Paypal_Model_Hostedpro->initialize('Sale', Object(Varien_Object))
#5 D:\xampp\htdocs\catwalk88\app\code\core\Mage\Sales\Model\Order.php(877): Mage_Sales_Model_Order_Payment->place()
#6 D:\xampp\htdocs\catwalk88\app\code\core\Mage\Sales\Model\Order.php(1095): Mage_Sales_Model_Order->_placePayment()
#7 [internal function]: Mage_Sales_Model_Order->place()
#8 D:\xampp\htdocs\catwalk88\app\code\core\Mage\Core\Model\Resource\Transaction.php(105): call_user_func(Array)
#9 D:\xampp\htdocs\catwalk88\app\code\core\Mage\Core\Model\Resource\Transaction.php(159): Mage_Core_Model_Resource_Transaction->_runCallbacks()
#10 D:\xampp\htdocs\catwalk88\app\code\core\Mage\Sales\Model\Service\Quote.php(189): Mage_Core_Model_Resource_Transaction->save()
#11 D:\xampp\htdocs\catwalk88\app\code\core\Mage\Sales\Model\Service\Quote.php(249): Mage_Sales_Model_Service_Quote->submitOrder()
#12 D:\xampp\htdocs\catwalk88\app\code\core\Mage\Checkout\Model\Type\Onepage.php(774): Mage_Sales_Model_Service_Quote->submitAll()
#13 D:\xampp\htdocs\catwalk88\app\code\core\Mage\Checkout\controllers\OnepageController.php(511): Mage_Checkout_Model_Type_Onepage->saveOrder()
#14 D:\xampp\htdocs\catwalk88\app\code\core\Mage\Core\Controller\Varien\Action.php(419): Mage_Checkout_OnepageController->saveOrderAction()
#15 D:\xampp\htdocs\catwalk88\app\code\core\Mage\Core\Controller\Varien\Router\Standard.php(250): Mage_Core_Controller_Varien_Action->dispatch('saveOrder')
#16 D:\xampp\htdocs\catwalk88\app\code\core\Mage\Core\Controller\Varien\Front.php(176): Mage_Core_Controller_Varien_Router_Standard->match(Object(Mage_Core_Controller_Request_Http))
#17 D:\xampp\htdocs\catwalk88\app\code\core\Mage\Core\Model\App.php(354): Mage_Core_Controller_Varien_Front->dispatch()
#18 D:\xampp\htdocs\catwalk88\app\Mage.php(683): Mage_Core_Model_App->run(Array)
#19 D:\xampp\htdocs\catwalk88\index.php(89): Mage::run('', 'store')
#20 {main}
2013-06-26T08:50:16+00:00 ERR (3): 
exception 'Mage_Core_Exception' with message 'Invalid block type: ECargo_Catalog_Block_Wrapper' in D:\xampp\htdocs\catwalk88\app\Mage.php:594
Stack trace:
#0 D:\xampp\htdocs\catwalk88\app\code\core\Mage\Core\Model\Layout.php(495): Mage::throwException('Invalid block t...')
#1 D:\xampp\htdocs\catwalk88\app\code\core\Mage\Core\Model\Layout.php(437): Mage_Core_Model_Layout->_getBlockInstance('ecargocatalog/w...', Array)
#2 D:\xampp\htdocs\catwalk88\app\code\core\Mage\Core\Model\Layout.php(472): Mage_Core_Model_Layout->createBlock('ecargocatalog/w...', 'ecargocatalog.w...')
#3 D:\xampp\htdocs\catwalk88\app\code\core\Mage\Core\Model\Layout.php(239): Mage_Core_Model_Layout->addBlock('ecargocatalog/w...', 'ecargocatalog.w...')
#4 D:\xampp\htdocs\catwalk88\app\code\core\Mage\Core\Model\Layout.php(205): Mage_Core_Model_Layout->_generateBlock(Object(Mage_Core_Model_Layout_Element), Object(Mage_Core_Model_Layout_Element))
#5 D:\xampp\htdocs\catwalk88\app\code\core\Mage\Core\Model\Layout.php(210): Mage_Core_Model_Layout->generateBlocks(Object(Mage_Core_Model_Layout_Element))
#6 D:\xampp\htdocs\catwalk88\app\code\core\Mage\Core\Controller\Varien\Action.php(344): Mage_Core_Model_Layout->generateBlocks()
#7 D:\xampp\htdocs\catwalk88\app\code\core\Mage\Cms\Helper\Page.php(113): Mage_Core_Controller_Varien_Action->generateLayoutBlocks()
#8 D:\xampp\htdocs\catwalk88\app\code\core\Mage\Cms\Helper\Page.php(52): Mage_Cms_Helper_Page->_renderPage(Object(Mage_Cms_IndexController), 'home')
#9 D:\xampp\htdocs\catwalk88\app\code\core\Mage\Cms\controllers\IndexController.php(45): Mage_Cms_Helper_Page->renderPage(Object(Mage_Cms_IndexController), 'home')
#10 D:\xampp\htdocs\catwalk88\app\code\core\Mage\Core\Controller\Varien\Action.php(419): Mage_Cms_IndexController->indexAction()
#11 D:\xampp\htdocs\catwalk88\app\code\core\Mage\Core\Controller\Varien\Router\Standard.php(250): Mage_Core_Controller_Varien_Action->dispatch('index')
#12 D:\xampp\htdocs\catwalk88\app\code\core\Mage\Core\Controller\Varien\Front.php(176): Mage_Core_Controller_Varien_Router_Standard->match(Object(Mage_Core_Controller_Request_Http))
#13 D:\xampp\htdocs\catwalk88\app\code\core\Mage\Core\Model\App.php(354): Mage_Core_Controller_Varien_Front->dispatch()
#14 D:\xampp\htdocs\catwalk88\app\Mage.php(683): Mage_Core_Model_App->run(Array)
#15 D:\xampp\htdocs\catwalk88\index.php(89): Mage::run('', 'store')
#16 {main}
2013-06-26T08:50:57+00:00 ERR (3): 
exception 'Mage_Core_Exception' with message 'Invalid block type: ECargo_Catalog_Block_Wrapper' in D:\xampp\htdocs\catwalk88\app\Mage.php:594
Stack trace:
#0 D:\xampp\htdocs\catwalk88\app\code\core\Mage\Core\Model\Layout.php(495): Mage::throwException('Invalid block t...')
#1 D:\xampp\htdocs\catwalk88\app\code\core\Mage\Core\Model\Layout.php(437): Mage_Core_Model_Layout->_getBlockInstance('ecargocatalog/w...', Array)
#2 D:\xampp\htdocs\catwalk88\app\code\core\Mage\Core\Model\Layout.php(472): Mage_Core_Model_Layout->createBlock('ecargocatalog/w...', 'ecargocatalog.w...')
#3 D:\xampp\htdocs\catwalk88\app\code\core\Mage\Core\Model\Layout.php(239): Mage_Core_Model_Layout->addBlock('ecargocatalog/w...', 'ecargocatalog.w...')
#4 D:\xampp\htdocs\catwalk88\app\code\core\Mage\Core\Model\Layout.php(205): Mage_Core_Model_Layout->_generateBlock(Object(Mage_Core_Model_Layout_Element), Object(Mage_Core_Model_Layout_Element))
#5 D:\xampp\htdocs\catwalk88\app\code\core\Mage\Core\Model\Layout.php(210): Mage_Core_Model_Layout->generateBlocks(Object(Mage_Core_Model_Layout_Element))
#6 D:\xampp\htdocs\catwalk88\app\code\core\Mage\Core\Controller\Varien\Action.php(344): Mage_Core_Model_Layout->generateBlocks()
#7 D:\xampp\htdocs\catwalk88\app\code\core\Mage\Cms\Helper\Page.php(113): Mage_Core_Controller_Varien_Action->generateLayoutBlocks()
#8 D:\xampp\htdocs\catwalk88\app\code\core\Mage\Cms\Helper\Page.php(52): Mage_Cms_Helper_Page->_renderPage(Object(Mage_Cms_IndexController), 'home')
#9 D:\xampp\htdocs\catwalk88\app\code\core\Mage\Cms\controllers\IndexController.php(45): Mage_Cms_Helper_Page->renderPage(Object(Mage_Cms_IndexController), 'home')
#10 D:\xampp\htdocs\catwalk88\app\code\core\Mage\Core\Controller\Varien\Action.php(419): Mage_Cms_IndexController->indexAction()
#11 D:\xampp\htdocs\catwalk88\app\code\core\Mage\Core\Controller\Varien\Router\Standard.php(250): Mage_Core_Controller_Varien_Action->dispatch('index')
#12 D:\xampp\htdocs\catwalk88\app\code\core\Mage\Core\Controller\Varien\Front.php(176): Mage_Core_Controller_Varien_Router_Standard->match(Object(Mage_Core_Controller_Request_Http))
#13 D:\xampp\htdocs\catwalk88\app\code\core\Mage\Core\Model\App.php(354): Mage_Core_Controller_Varien_Front->dispatch()
#14 D:\xampp\htdocs\catwalk88\app\Mage.php(683): Mage_Core_Model_App->run(Array)
#15 D:\xampp\htdocs\catwalk88\index.php(89): Mage::run('', 'store')
#16 {main}
2013-07-02T06:15:46+00:00 ERR (3): 
exception 'Mage_Core_Exception' with message 'The requested quantity for "Leather Look Biker Jacket" is not available.' in D:\xampp\htdocs\catwalk88\app\Mage.php:594
Stack trace:
#0 D:\xampp\htdocs\catwalk88\app\code\core\Mage\Checkout\Model\Cart.php(290): Mage::throwException('The requested q...')
#1 D:\xampp\htdocs\catwalk88\app\code\local\Dono\Checkout\controllers\CartController.php(20): Mage_Checkout_Model_Cart->addProduct(Object(Mage_Catalog_Model_Product), Array)
#2 D:\xampp\htdocs\catwalk88\app\code\core\Mage\Core\Controller\Varien\Action.php(419): Dono_Checkout_CartController->ajaxAddCartAction()
#3 D:\xampp\htdocs\catwalk88\app\code\core\Mage\Core\Controller\Varien\Router\Standard.php(250): Mage_Core_Controller_Varien_Action->dispatch('ajaxAddCart')
#4 D:\xampp\htdocs\catwalk88\app\code\core\Mage\Core\Controller\Varien\Front.php(176): Mage_Core_Controller_Varien_Router_Standard->match(Object(Mage_Core_Controller_Request_Http))
#5 D:\xampp\htdocs\catwalk88\app\code\core\Mage\Core\Model\App.php(354): Mage_Core_Controller_Varien_Front->dispatch()
#6 D:\xampp\htdocs\catwalk88\app\Mage.php(683): Mage_Core_Model_App->run(Array)
#7 D:\xampp\htdocs\catwalk88\index.php(89): Mage::run('', 'store')
#8 {main}
2013-07-02T06:15:59+00:00 ERR (3): 
exception 'Mage_Core_Exception' with message 'The requested quantity for "Leather Look Biker Jacket" is not available.' in D:\xampp\htdocs\catwalk88\app\Mage.php:594
Stack trace:
#0 D:\xampp\htdocs\catwalk88\app\code\core\Mage\Checkout\Model\Cart.php(290): Mage::throwException('The requested q...')
#1 D:\xampp\htdocs\catwalk88\app\code\local\Dono\Checkout\controllers\CartController.php(20): Mage_Checkout_Model_Cart->addProduct(Object(Mage_Catalog_Model_Product), Array)
#2 D:\xampp\htdocs\catwalk88\app\code\core\Mage\Core\Controller\Varien\Action.php(419): Dono_Checkout_CartController->ajaxAddCartAction()
#3 D:\xampp\htdocs\catwalk88\app\code\core\Mage\Core\Controller\Varien\Router\Standard.php(250): Mage_Core_Controller_Varien_Action->dispatch('ajaxAddCart')
#4 D:\xampp\htdocs\catwalk88\app\code\core\Mage\Core\Controller\Varien\Front.php(176): Mage_Core_Controller_Varien_Router_Standard->match(Object(Mage_Core_Controller_Request_Http))
#5 D:\xampp\htdocs\catwalk88\app\code\core\Mage\Core\Model\App.php(354): Mage_Core_Controller_Varien_Front->dispatch()
#6 D:\xampp\htdocs\catwalk88\app\Mage.php(683): Mage_Core_Model_App->run(Array)
#7 D:\xampp\htdocs\catwalk88\index.php(89): Mage::run('', 'store')
#8 {main}
2013-07-02T06:16:19+00:00 ERR (3): 
exception 'Mage_Core_Exception' with message 'The requested quantity for "Leather Look Biker Jacket" is not available.' in D:\xampp\htdocs\catwalk88\app\Mage.php:594
Stack trace:
#0 D:\xampp\htdocs\catwalk88\app\code\core\Mage\Checkout\Model\Cart.php(290): Mage::throwException('The requested q...')
#1 D:\xampp\htdocs\catwalk88\app\code\local\Dono\Checkout\controllers\CartController.php(20): Mage_Checkout_Model_Cart->addProduct(Object(Mage_Catalog_Model_Product), Array)
#2 D:\xampp\htdocs\catwalk88\app\code\core\Mage\Core\Controller\Varien\Action.php(419): Dono_Checkout_CartController->ajaxAddCartAction()
#3 D:\xampp\htdocs\catwalk88\app\code\core\Mage\Core\Controller\Varien\Router\Standard.php(250): Mage_Core_Controller_Varien_Action->dispatch('ajaxAddCart')
#4 D:\xampp\htdocs\catwalk88\app\code\core\Mage\Core\Controller\Varien\Front.php(176): Mage_Core_Controller_Varien_Router_Standard->match(Object(Mage_Core_Controller_Request_Http))
#5 D:\xampp\htdocs\catwalk88\app\code\core\Mage\Core\Model\App.php(354): Mage_Core_Controller_Varien_Front->dispatch()
#6 D:\xampp\htdocs\catwalk88\app\Mage.php(683): Mage_Core_Model_App->run(Array)
#7 D:\xampp\htdocs\catwalk88\index.php(89): Mage::run('', 'store')
#8 {main}
2013-07-02T06:21:31+00:00 ERR (3): 
exception 'Mage_Core_Exception' with message 'The requested quantity for "Leather Look Biker Jacket" is not available.' in D:\xampp\htdocs\catwalk88\app\Mage.php:594
Stack trace:
#0 D:\xampp\htdocs\catwalk88\app\code\core\Mage\Checkout\Model\Cart.php(290): Mage::throwException('The requested q...')
#1 D:\xampp\htdocs\catwalk88\app\code\local\Dono\Checkout\controllers\CartController.php(20): Mage_Checkout_Model_Cart->addProduct(Object(Mage_Catalog_Model_Product), Array)
#2 D:\xampp\htdocs\catwalk88\app\code\core\Mage\Core\Controller\Varien\Action.php(419): Dono_Checkout_CartController->ajaxAddCartAction()
#3 D:\xampp\htdocs\catwalk88\app\code\core\Mage\Core\Controller\Varien\Router\Standard.php(250): Mage_Core_Controller_Varien_Action->dispatch('ajaxAddCart')
#4 D:\xampp\htdocs\catwalk88\app\code\core\Mage\Core\Controller\Varien\Front.php(176): Mage_Core_Controller_Varien_Router_Standard->match(Object(Mage_Core_Controller_Request_Http))
#5 D:\xampp\htdocs\catwalk88\app\code\core\Mage\Core\Model\App.php(354): Mage_Core_Controller_Varien_Front->dispatch()
#6 D:\xampp\htdocs\catwalk88\app\Mage.php(683): Mage_Core_Model_App->run(Array)
#7 D:\xampp\htdocs\catwalk88\index.php(89): Mage::run('', 'store')
#8 {main}
2013-07-02T06:34:06+00:00 ERR (3): 
exception 'Mage_Core_Exception' with message 'The requested quantity for "Leather Look Biker Jacket" is not available.' in D:\xampp\htdocs\catwalk88\app\Mage.php:594
Stack trace:
#0 D:\xampp\htdocs\catwalk88\app\code\core\Mage\Checkout\Model\Cart.php(290): Mage::throwException('The requested q...')
#1 D:\xampp\htdocs\catwalk88\app\code\local\Dono\Checkout\controllers\CartController.php(20): Mage_Checkout_Model_Cart->addProduct(Object(Mage_Catalog_Model_Product), Array)
#2 D:\xampp\htdocs\catwalk88\app\code\core\Mage\Core\Controller\Varien\Action.php(419): Dono_Checkout_CartController->ajaxAddCartAction()
#3 D:\xampp\htdocs\catwalk88\app\code\core\Mage\Core\Controller\Varien\Router\Standard.php(250): Mage_Core_Controller_Varien_Action->dispatch('ajaxAddCart')
#4 D:\xampp\htdocs\catwalk88\app\code\core\Mage\Core\Controller\Varien\Front.php(176): Mage_Core_Controller_Varien_Router_Standard->match(Object(Mage_Core_Controller_Request_Http))
#5 D:\xampp\htdocs\catwalk88\app\code\core\Mage\Core\Model\App.php(354): Mage_Core_Controller_Varien_Front->dispatch()
#6 D:\xampp\htdocs\catwalk88\app\Mage.php(683): Mage_Core_Model_App->run(Array)
#7 D:\xampp\htdocs\catwalk88\index.php(89): Mage::run('', 'store')
#8 {main}
2013-07-02T06:36:50+00:00 ERR (3): 
exception 'Mage_Core_Exception' with message 'The requested quantity for "Leather Look Biker Jacket" is not available.' in D:\xampp\htdocs\catwalk88\app\Mage.php:594
Stack trace:
#0 D:\xampp\htdocs\catwalk88\app\code\core\Mage\Checkout\Model\Cart.php(290): Mage::throwException('The requested q...')
#1 D:\xampp\htdocs\catwalk88\app\code\local\Dono\Checkout\controllers\CartController.php(20): Mage_Checkout_Model_Cart->addProduct(Object(Mage_Catalog_Model_Product), Array)
#2 D:\xampp\htdocs\catwalk88\app\code\core\Mage\Core\Controller\Varien\Action.php(419): Dono_Checkout_CartController->ajaxAddCartAction()
#3 D:\xampp\htdocs\catwalk88\app\code\core\Mage\Core\Controller\Varien\Router\Standard.php(250): Mage_Core_Controller_Varien_Action->dispatch('ajaxAddCart')
#4 D:\xampp\htdocs\catwalk88\app\code\core\Mage\Core\Controller\Varien\Front.php(176): Mage_Core_Controller_Varien_Router_Standard->match(Object(Mage_Core_Controller_Request_Http))
#5 D:\xampp\htdocs\catwalk88\app\code\core\Mage\Core\Model\App.php(354): Mage_Core_Controller_Varien_Front->dispatch()
#6 D:\xampp\htdocs\catwalk88\app\Mage.php(683): Mage_Core_Model_App->run(Array)
#7 D:\xampp\htdocs\catwalk88\index.php(89): Mage::run('', 'store')
#8 {main}
2013-07-08T06:25:34+00:00 ERR (3): 
exception 'Mage_Core_Exception' with message 'Invalid block type: Dono_Sales_Block_Adminhtml_Sales_Order' in D:\xampp\htdocs\catwalk88\app\Mage.php:594
Stack trace:
#0 D:\xampp\htdocs\catwalk88\app\code\core\Mage\Core\Model\Layout.php(495): Mage::throwException('Invalid block t...')
#1 D:\xampp\htdocs\catwalk88\app\code\core\Mage\Core\Model\Layout.php(437): Mage_Core_Model_Layout->_getBlockInstance('donosales/admin...', Array)
#2 D:\xampp\htdocs\catwalk88\app\code\core\Mage\Core\Model\Layout.php(472): Mage_Core_Model_Layout->createBlock('donosales/admin...', 'sales_order.gri...')
#3 D:\xampp\htdocs\catwalk88\app\code\core\Mage\Core\Model\Layout.php(239): Mage_Core_Model_Layout->addBlock('donosales/admin...', 'sales_order.gri...')
#4 D:\xampp\htdocs\catwalk88\app\code\core\Mage\Core\Model\Layout.php(205): Mage_Core_Model_Layout->_generateBlock(Object(Mage_Core_Model_Layout_Element), Object(Mage_Core_Model_Layout_Element))
#5 D:\xampp\htdocs\catwalk88\app\code\core\Mage\Core\Model\Layout.php(210): Mage_Core_Model_Layout->generateBlocks(Object(Mage_Core_Model_Layout_Element))
#6 D:\xampp\htdocs\catwalk88\app\code\core\Mage\Core\Controller\Varien\Action.php(344): Mage_Core_Model_Layout->generateBlocks()
#7 D:\xampp\htdocs\catwalk88\app\code\core\Mage\Core\Controller\Varien\Action.php(269): Mage_Core_Controller_Varien_Action->generateLayoutBlocks()
#8 D:\xampp\htdocs\catwalk88\app\code\core\Mage\Adminhtml\Controller\Action.php(275): Mage_Core_Controller_Varien_Action->loadLayout(NULL, true, true)
#9 D:\xampp\htdocs\catwalk88\app\code\local\Dono\Sales\controllers\Adminhtml\Order\AggregatorController.php(10): Mage_Adminhtml_Controller_Action->loadLayout()
#10 D:\xampp\htdocs\catwalk88\app\code\local\Dono\Sales\controllers\Adminhtml\Order\AggregatorController.php(23): Dono_Sales_Adminhtml_Order_AggregatorController->_initAction()
#11 D:\xampp\htdocs\catwalk88\app\code\core\Mage\Core\Controller\Varien\Action.php(419): Dono_Sales_Adminhtml_Order_AggregatorController->indexAction()
#12 D:\xampp\htdocs\catwalk88\app\code\core\Mage\Core\Controller\Varien\Router\Standard.php(250): Mage_Core_Controller_Varien_Action->dispatch('index')
#13 D:\xampp\htdocs\catwalk88\app\code\core\Mage\Core\Controller\Varien\Front.php(176): Mage_Core_Controller_Varien_Router_Standard->match(Object(Mage_Core_Controller_Request_Http))
#14 D:\xampp\htdocs\catwalk88\app\code\core\Mage\Core\Model\App.php(354): Mage_Core_Controller_Varien_Front->dispatch()
#15 D:\xampp\htdocs\catwalk88\app\Mage.php(683): Mage_Core_Model_App->run(Array)
#16 D:\xampp\htdocs\catwalk88\index.php(89): Mage::run('', 'store')
#17 {main}
2013-07-08T06:26:27+00:00 ERR (3): 
exception 'Mage_Core_Exception' with message 'Invalid block type: Dono_Sales_Block_Adminhtml_Sales_Order' in D:\xampp\htdocs\catwalk88\app\Mage.php:594
Stack trace:
#0 D:\xampp\htdocs\catwalk88\app\code\core\Mage\Core\Model\Layout.php(495): Mage::throwException('Invalid block t...')
#1 D:\xampp\htdocs\catwalk88\app\code\core\Mage\Core\Model\Layout.php(437): Mage_Core_Model_Layout->_getBlockInstance('donosales/admin...', Array)
#2 D:\xampp\htdocs\catwalk88\app\code\core\Mage\Core\Model\Layout.php(472): Mage_Core_Model_Layout->createBlock('donosales/admin...', 'sales_order.gri...')
#3 D:\xampp\htdocs\catwalk88\app\code\core\Mage\Core\Model\Layout.php(239): Mage_Core_Model_Layout->addBlock('donosales/admin...', 'sales_order.gri...')
#4 D:\xampp\htdocs\catwalk88\app\code\core\Mage\Core\Model\Layout.php(205): Mage_Core_Model_Layout->_generateBlock(Object(Mage_Core_Model_Layout_Element), Object(Mage_Core_Model_Layout_Element))
#5 D:\xampp\htdocs\catwalk88\app\code\core\Mage\Core\Model\Layout.php(210): Mage_Core_Model_Layout->generateBlocks(Object(Mage_Core_Model_Layout_Element))
#6 D:\xampp\htdocs\catwalk88\app\code\core\Mage\Core\Controller\Varien\Action.php(344): Mage_Core_Model_Layout->generateBlocks()
#7 D:\xampp\htdocs\catwalk88\app\code\core\Mage\Core\Controller\Varien\Action.php(269): Mage_Core_Controller_Varien_Action->generateLayoutBlocks()
#8 D:\xampp\htdocs\catwalk88\app\code\core\Mage\Adminhtml\Controller\Action.php(275): Mage_Core_Controller_Varien_Action->loadLayout(NULL, true, true)
#9 D:\xampp\htdocs\catwalk88\app\code\local\Dono\Sales\controllers\Adminhtml\Order\AggregatorController.php(10): Mage_Adminhtml_Controller_Action->loadLayout()
#10 D:\xampp\htdocs\catwalk88\app\code\local\Dono\Sales\controllers\Adminhtml\Order\AggregatorController.php(23): Dono_Sales_Adminhtml_Order_AggregatorController->_initAction()
#11 D:\xampp\htdocs\catwalk88\app\code\core\Mage\Core\Controller\Varien\Action.php(419): Dono_Sales_Adminhtml_Order_AggregatorController->indexAction()
#12 D:\xampp\htdocs\catwalk88\app\code\core\Mage\Core\Controller\Varien\Router\Standard.php(250): Mage_Core_Controller_Varien_Action->dispatch('index')
#13 D:\xampp\htdocs\catwalk88\app\code\core\Mage\Core\Controller\Varien\Front.php(176): Mage_Core_Controller_Varien_Router_Standard->match(Object(Mage_Core_Controller_Request_Http))
#14 D:\xampp\htdocs\catwalk88\app\code\core\Mage\Core\Model\App.php(354): Mage_Core_Controller_Varien_Front->dispatch()
#15 D:\xampp\htdocs\catwalk88\app\Mage.php(683): Mage_Core_Model_App->run(Array)
#16 D:\xampp\htdocs\catwalk88\index.php(89): Mage::run('', 'store')
#17 {main}
2013-07-08T06:26:30+00:00 ERR (3): 
exception 'Mage_Core_Exception' with message 'Invalid block type: Dono_Sales_Block_Adminhtml_Sales_Order' in D:\xampp\htdocs\catwalk88\app\Mage.php:594
Stack trace:
#0 D:\xampp\htdocs\catwalk88\app\code\core\Mage\Core\Model\Layout.php(495): Mage::throwException('Invalid block t...')
#1 D:\xampp\htdocs\catwalk88\app\code\core\Mage\Core\Model\Layout.php(437): Mage_Core_Model_Layout->_getBlockInstance('donosales/admin...', Array)
#2 D:\xampp\htdocs\catwalk88\app\code\core\Mage\Core\Model\Layout.php(472): Mage_Core_Model_Layout->createBlock('donosales/admin...', 'sales_order.gri...')
#3 D:\xampp\htdocs\catwalk88\app\code\core\Mage\Core\Model\Layout.php(239): Mage_Core_Model_Layout->addBlock('donosales/admin...', 'sales_order.gri...')
#4 D:\xampp\htdocs\catwalk88\app\code\core\Mage\Core\Model\Layout.php(205): Mage_Core_Model_Layout->_generateBlock(Object(Mage_Core_Model_Layout_Element), Object(Mage_Core_Model_Layout_Element))
#5 D:\xampp\htdocs\catwalk88\app\code\core\Mage\Core\Model\Layout.php(210): Mage_Core_Model_Layout->generateBlocks(Object(Mage_Core_Model_Layout_Element))
#6 D:\xampp\htdocs\catwalk88\app\code\core\Mage\Core\Controller\Varien\Action.php(344): Mage_Core_Model_Layout->generateBlocks()
#7 D:\xampp\htdocs\catwalk88\app\code\core\Mage\Core\Controller\Varien\Action.php(269): Mage_Core_Controller_Varien_Action->generateLayoutBlocks()
#8 D:\xampp\htdocs\catwalk88\app\code\core\Mage\Adminhtml\Controller\Action.php(275): Mage_Core_Controller_Varien_Action->loadLayout(NULL, true, true)
#9 D:\xampp\htdocs\catwalk88\app\code\local\Dono\Sales\controllers\Adminhtml\Order\AggregatorController.php(10): Mage_Adminhtml_Controller_Action->loadLayout()
#10 D:\xampp\htdocs\catwalk88\app\code\local\Dono\Sales\controllers\Adminhtml\Order\AggregatorController.php(23): Dono_Sales_Adminhtml_Order_AggregatorController->_initAction()
#11 D:\xampp\htdocs\catwalk88\app\code\core\Mage\Core\Controller\Varien\Action.php(419): Dono_Sales_Adminhtml_Order_AggregatorController->indexAction()
#12 D:\xampp\htdocs\catwalk88\app\code\core\Mage\Core\Controller\Varien\Router\Standard.php(250): Mage_Core_Controller_Varien_Action->dispatch('index')
#13 D:\xampp\htdocs\catwalk88\app\code\core\Mage\Core\Controller\Varien\Front.php(176): Mage_Core_Controller_Varien_Router_Standard->match(Object(Mage_Core_Controller_Request_Http))
#14 D:\xampp\htdocs\catwalk88\app\code\core\Mage\Core\Model\App.php(354): Mage_Core_Controller_Varien_Front->dispatch()
#15 D:\xampp\htdocs\catwalk88\app\Mage.php(683): Mage_Core_Model_App->run(Array)
#16 D:\xampp\htdocs\catwalk88\index.php(89): Mage::run('', 'store')
#17 {main}
2013-07-08T06:28:52+00:00 ERR (3): 
exception 'Mage_Core_Exception' with message 'Invalid block type: Dono_Sales_Block_Adminhtml_Sales_Order' in D:\xampp\htdocs\catwalk88\app\Mage.php:594
Stack trace:
#0 D:\xampp\htdocs\catwalk88\app\code\core\Mage\Core\Model\Layout.php(495): Mage::throwException('Invalid block t...')
#1 D:\xampp\htdocs\catwalk88\app\code\core\Mage\Core\Model\Layout.php(437): Mage_Core_Model_Layout->_getBlockInstance('donosales/admin...', Array)
#2 D:\xampp\htdocs\catwalk88\app\code\core\Mage\Core\Model\Layout.php(472): Mage_Core_Model_Layout->createBlock('donosales/admin...', 'sales_order.gri...')
#3 D:\xampp\htdocs\catwalk88\app\code\core\Mage\Core\Model\Layout.php(239): Mage_Core_Model_Layout->addBlock('donosales/admin...', 'sales_order.gri...')
#4 D:\xampp\htdocs\catwalk88\app\code\core\Mage\Core\Model\Layout.php(205): Mage_Core_Model_Layout->_generateBlock(Object(Mage_Core_Model_Layout_Element), Object(Mage_Core_Model_Layout_Element))
#5 D:\xampp\htdocs\catwalk88\app\code\core\Mage\Core\Model\Layout.php(210): Mage_Core_Model_Layout->generateBlocks(Object(Mage_Core_Model_Layout_Element))
#6 D:\xampp\htdocs\catwalk88\app\code\core\Mage\Core\Controller\Varien\Action.php(344): Mage_Core_Model_Layout->generateBlocks()
#7 D:\xampp\htdocs\catwalk88\app\code\core\Mage\Core\Controller\Varien\Action.php(269): Mage_Core_Controller_Varien_Action->generateLayoutBlocks()
#8 D:\xampp\htdocs\catwalk88\app\code\core\Mage\Adminhtml\Controller\Action.php(275): Mage_Core_Controller_Varien_Action->loadLayout(NULL, true, true)
#9 D:\xampp\htdocs\catwalk88\app\code\local\Dono\Sales\controllers\Adminhtml\Order\AggregatorController.php(10): Mage_Adminhtml_Controller_Action->loadLayout()
#10 D:\xampp\htdocs\catwalk88\app\code\local\Dono\Sales\controllers\Adminhtml\Order\AggregatorController.php(23): Dono_Sales_Adminhtml_Order_AggregatorController->_initAction()
#11 D:\xampp\htdocs\catwalk88\app\code\core\Mage\Core\Controller\Varien\Action.php(419): Dono_Sales_Adminhtml_Order_AggregatorController->indexAction()
#12 D:\xampp\htdocs\catwalk88\app\code\core\Mage\Core\Controller\Varien\Router\Standard.php(250): Mage_Core_Controller_Varien_Action->dispatch('index')
#13 D:\xampp\htdocs\catwalk88\app\code\core\Mage\Core\Controller\Varien\Front.php(176): Mage_Core_Controller_Varien_Router_Standard->match(Object(Mage_Core_Controller_Request_Http))
#14 D:\xampp\htdocs\catwalk88\app\code\core\Mage\Core\Model\App.php(354): Mage_Core_Controller_Varien_Front->dispatch()
#15 D:\xampp\htdocs\catwalk88\app\Mage.php(683): Mage_Core_Model_App->run(Array)
#16 D:\xampp\htdocs\catwalk88\index.php(89): Mage::run('', 'store')
#17 {main}
2013-07-08T06:32:10+00:00 ERR (3): 
exception 'Mage_Core_Exception' with message 'Invalid block type: Dono_Sales_Block_Adminhtml_Sales_Order' in D:\xampp\htdocs\catwalk88\app\Mage.php:594
Stack trace:
#0 D:\xampp\htdocs\catwalk88\app\code\core\Mage\Core\Model\Layout.php(495): Mage::throwException('Invalid block t...')
#1 D:\xampp\htdocs\catwalk88\app\code\core\Mage\Core\Model\Layout.php(437): Mage_Core_Model_Layout->_getBlockInstance('donosales/admin...', Array)
#2 D:\xampp\htdocs\catwalk88\app\code\core\Mage\Core\Model\Layout.php(472): Mage_Core_Model_Layout->createBlock('donosales/admin...', 'sales_order.gri...')
#3 D:\xampp\htdocs\catwalk88\app\code\core\Mage\Core\Model\Layout.php(239): Mage_Core_Model_Layout->addBlock('donosales/admin...', 'sales_order.gri...')
#4 D:\xampp\htdocs\catwalk88\app\code\core\Mage\Core\Model\Layout.php(205): Mage_Core_Model_Layout->_generateBlock(Object(Mage_Core_Model_Layout_Element), Object(Mage_Core_Model_Layout_Element))
#5 D:\xampp\htdocs\catwalk88\app\code\core\Mage\Core\Model\Layout.php(210): Mage_Core_Model_Layout->generateBlocks(Object(Mage_Core_Model_Layout_Element))
#6 D:\xampp\htdocs\catwalk88\app\code\core\Mage\Core\Controller\Varien\Action.php(344): Mage_Core_Model_Layout->generateBlocks()
#7 D:\xampp\htdocs\catwalk88\app\code\core\Mage\Core\Controller\Varien\Action.php(269): Mage_Core_Controller_Varien_Action->generateLayoutBlocks()
#8 D:\xampp\htdocs\catwalk88\app\code\core\Mage\Adminhtml\Controller\Action.php(275): Mage_Core_Controller_Varien_Action->loadLayout(NULL, true, true)
#9 D:\xampp\htdocs\catwalk88\app\code\local\Dono\Sales\controllers\Adminhtml\Order\AggregatorController.php(10): Mage_Adminhtml_Controller_Action->loadLayout()
#10 D:\xampp\htdocs\catwalk88\app\code\local\Dono\Sales\controllers\Adminhtml\Order\AggregatorController.php(23): Dono_Sales_Adminhtml_Order_AggregatorController->_initAction()
#11 D:\xampp\htdocs\catwalk88\app\code\core\Mage\Core\Controller\Varien\Action.php(419): Dono_Sales_Adminhtml_Order_AggregatorController->indexAction()
#12 D:\xampp\htdocs\catwalk88\app\code\core\Mage\Core\Controller\Varien\Router\Standard.php(250): Mage_Core_Controller_Varien_Action->dispatch('index')
#13 D:\xampp\htdocs\catwalk88\app\code\core\Mage\Core\Controller\Varien\Front.php(176): Mage_Core_Controller_Varien_Router_Standard->match(Object(Mage_Core_Controller_Request_Http))
#14 D:\xampp\htdocs\catwalk88\app\code\core\Mage\Core\Model\App.php(354): Mage_Core_Controller_Varien_Front->dispatch()
#15 D:\xampp\htdocs\catwalk88\app\Mage.php(683): Mage_Core_Model_App->run(Array)
#16 D:\xampp\htdocs\catwalk88\index.php(89): Mage::run('', 'store')
#17 {main}
2013-07-08T06:39:55+00:00 ERR (3): 
exception 'Mage_Core_Exception' with message 'Invalid block type: Dono_Sales_Block_Adminhtml_Sales_Order' in D:\xampp\htdocs\catwalk88\app\Mage.php:594
Stack trace:
#0 D:\xampp\htdocs\catwalk88\app\code\core\Mage\Core\Model\Layout.php(495): Mage::throwException('Invalid block t...')
#1 D:\xampp\htdocs\catwalk88\app\code\core\Mage\Core\Model\Layout.php(437): Mage_Core_Model_Layout->_getBlockInstance('donosales/admin...', Array)
#2 D:\xampp\htdocs\catwalk88\app\code\core\Mage\Core\Model\Layout.php(472): Mage_Core_Model_Layout->createBlock('donosales/admin...', 'sales_order.gri...')
#3 D:\xampp\htdocs\catwalk88\app\code\core\Mage\Core\Model\Layout.php(239): Mage_Core_Model_Layout->addBlock('donosales/admin...', 'sales_order.gri...')
#4 D:\xampp\htdocs\catwalk88\app\code\core\Mage\Core\Model\Layout.php(205): Mage_Core_Model_Layout->_generateBlock(Object(Mage_Core_Model_Layout_Element), Object(Mage_Core_Model_Layout_Element))
#5 D:\xampp\htdocs\catwalk88\app\code\core\Mage\Core\Model\Layout.php(210): Mage_Core_Model_Layout->generateBlocks(Object(Mage_Core_Model_Layout_Element))
#6 D:\xampp\htdocs\catwalk88\app\code\core\Mage\Core\Controller\Varien\Action.php(344): Mage_Core_Model_Layout->generateBlocks()
#7 D:\xampp\htdocs\catwalk88\app\code\core\Mage\Core\Controller\Varien\Action.php(269): Mage_Core_Controller_Varien_Action->generateLayoutBlocks()
#8 D:\xampp\htdocs\catwalk88\app\code\core\Mage\Adminhtml\Controller\Action.php(275): Mage_Core_Controller_Varien_Action->loadLayout(NULL, true, true)
#9 D:\xampp\htdocs\catwalk88\app\code\local\Dono\Sales\controllers\Adminhtml\Order\AggregatorController.php(10): Mage_Adminhtml_Controller_Action->loadLayout()
#10 D:\xampp\htdocs\catwalk88\app\code\local\Dono\Sales\controllers\Adminhtml\Order\AggregatorController.php(22): Dono_Sales_Adminhtml_Order_AggregatorController->_initAction()
#11 D:\xampp\htdocs\catwalk88\app\code\core\Mage\Core\Controller\Varien\Action.php(419): Dono_Sales_Adminhtml_Order_AggregatorController->indexAction()
#12 D:\xampp\htdocs\catwalk88\app\code\core\Mage\Core\Controller\Varien\Router\Standard.php(250): Mage_Core_Controller_Varien_Action->dispatch('index')
#13 D:\xampp\htdocs\catwalk88\app\code\core\Mage\Core\Controller\Varien\Front.php(176): Mage_Core_Controller_Varien_Router_Standard->match(Object(Mage_Core_Controller_Request_Http))
#14 D:\xampp\htdocs\catwalk88\app\code\core\Mage\Core\Model\App.php(354): Mage_Core_Controller_Varien_Front->dispatch()
#15 D:\xampp\htdocs\catwalk88\app\Mage.php(683): Mage_Core_Model_App->run(Array)
#16 D:\xampp\htdocs\catwalk88\index.php(89): Mage::run('', 'store')
#17 {main}
2013-07-08T07:21:01+00:00 ERR (3): 
exception 'Mage_Core_Exception' with message 'Invalid block type: Dono_Sales_Block_Adminhtml_Sales_Order' in D:\xampp\htdocs\catwalk88\app\Mage.php:594
Stack trace:
#0 D:\xampp\htdocs\catwalk88\app\code\core\Mage\Core\Model\Layout.php(495): Mage::throwException('Invalid block t...')
#1 D:\xampp\htdocs\catwalk88\app\code\core\Mage\Core\Model\Layout.php(437): Mage_Core_Model_Layout->_getBlockInstance('donosales/admin...', Array)
#2 D:\xampp\htdocs\catwalk88\app\code\core\Mage\Core\Model\Layout.php(472): Mage_Core_Model_Layout->createBlock('donosales/admin...', 'sales_order.gri...')
#3 D:\xampp\htdocs\catwalk88\app\code\core\Mage\Core\Model\Layout.php(239): Mage_Core_Model_Layout->addBlock('donosales/admin...', 'sales_order.gri...')
#4 D:\xampp\htdocs\catwalk88\app\code\core\Mage\Core\Model\Layout.php(205): Mage_Core_Model_Layout->_generateBlock(Object(Mage_Core_Model_Layout_Element), Object(Mage_Core_Model_Layout_Element))
#5 D:\xampp\htdocs\catwalk88\app\code\core\Mage\Core\Model\Layout.php(210): Mage_Core_Model_Layout->generateBlocks(Object(Mage_Core_Model_Layout_Element))
#6 D:\xampp\htdocs\catwalk88\app\code\core\Mage\Core\Controller\Varien\Action.php(344): Mage_Core_Model_Layout->generateBlocks()
#7 D:\xampp\htdocs\catwalk88\app\code\core\Mage\Core\Controller\Varien\Action.php(269): Mage_Core_Controller_Varien_Action->generateLayoutBlocks()
#8 D:\xampp\htdocs\catwalk88\app\code\core\Mage\Adminhtml\Controller\Action.php(275): Mage_Core_Controller_Varien_Action->loadLayout(NULL, true, true)
#9 D:\xampp\htdocs\catwalk88\app\code\local\Dono\Sales\controllers\Adminhtml\Order\AggregatorController.php(10): Mage_Adminhtml_Controller_Action->loadLayout()
#10 D:\xampp\htdocs\catwalk88\app\code\local\Dono\Sales\controllers\Adminhtml\Order\AggregatorController.php(22): Dono_Sales_Adminhtml_Order_AggregatorController->_initAction()
#11 D:\xampp\htdocs\catwalk88\app\code\core\Mage\Core\Controller\Varien\Action.php(419): Dono_Sales_Adminhtml_Order_AggregatorController->indexAction()
#12 D:\xampp\htdocs\catwalk88\app\code\core\Mage\Core\Controller\Varien\Router\Standard.php(250): Mage_Core_Controller_Varien_Action->dispatch('index')
#13 D:\xampp\htdocs\catwalk88\app\code\core\Mage\Core\Controller\Varien\Front.php(176): Mage_Core_Controller_Varien_Router_Standard->match(Object(Mage_Core_Controller_Request_Http))
#14 D:\xampp\htdocs\catwalk88\app\code\core\Mage\Core\Model\App.php(354): Mage_Core_Controller_Varien_Front->dispatch()
#15 D:\xampp\htdocs\catwalk88\app\Mage.php(683): Mage_Core_Model_App->run(Array)
#16 D:\xampp\htdocs\catwalk88\index.php(89): Mage::run('', 'store')
#17 {main}
2013-07-08T07:22:16+00:00 ERR (3): 
exception 'Mage_Core_Exception' with message 'Invalid block type: Dono_Sales_Block_Adminhtml_Sales_Order' in D:\xampp\htdocs\catwalk88\app\Mage.php:594
Stack trace:
#0 D:\xampp\htdocs\catwalk88\app\code\core\Mage\Core\Model\Layout.php(495): Mage::throwException('Invalid block t...')
#1 D:\xampp\htdocs\catwalk88\app\code\core\Mage\Core\Model\Layout.php(437): Mage_Core_Model_Layout->_getBlockInstance('donosales/admin...', Array)
#2 D:\xampp\htdocs\catwalk88\app\code\core\Mage\Core\Model\Layout.php(472): Mage_Core_Model_Layout->createBlock('donosales/admin...', 'sales_order.gri...')
#3 D:\xampp\htdocs\catwalk88\app\code\core\Mage\Core\Model\Layout.php(239): Mage_Core_Model_Layout->addBlock('donosales/admin...', 'sales_order.gri...')
#4 D:\xampp\htdocs\catwalk88\app\code\core\Mage\Core\Model\Layout.php(205): Mage_Core_Model_Layout->_generateBlock(Object(Mage_Core_Model_Layout_Element), Object(Mage_Core_Model_Layout_Element))
#5 D:\xampp\htdocs\catwalk88\app\code\core\Mage\Core\Model\Layout.php(210): Mage_Core_Model_Layout->generateBlocks(Object(Mage_Core_Model_Layout_Element))
#6 D:\xampp\htdocs\catwalk88\app\code\core\Mage\Core\Controller\Varien\Action.php(344): Mage_Core_Model_Layout->generateBlocks()
#7 D:\xampp\htdocs\catwalk88\app\code\core\Mage\Core\Controller\Varien\Action.php(269): Mage_Core_Controller_Varien_Action->generateLayoutBlocks()
#8 D:\xampp\htdocs\catwalk88\app\code\core\Mage\Adminhtml\Controller\Action.php(275): Mage_Core_Controller_Varien_Action->loadLayout(NULL, true, true)
#9 D:\xampp\htdocs\catwalk88\app\code\local\Dono\Sales\controllers\Adminhtml\Order\AggregatorController.php(10): Mage_Adminhtml_Controller_Action->loadLayout()
#10 D:\xampp\htdocs\catwalk88\app\code\local\Dono\Sales\controllers\Adminhtml\Order\AggregatorController.php(22): Dono_Sales_Adminhtml_Order_AggregatorController->_initAction()
#11 D:\xampp\htdocs\catwalk88\app\code\core\Mage\Core\Controller\Varien\Action.php(419): Dono_Sales_Adminhtml_Order_AggregatorController->indexAction()
#12 D:\xampp\htdocs\catwalk88\app\code\core\Mage\Core\Controller\Varien\Router\Standard.php(250): Mage_Core_Controller_Varien_Action->dispatch('index')
#13 D:\xampp\htdocs\catwalk88\app\code\core\Mage\Core\Controller\Varien\Front.php(176): Mage_Core_Controller_Varien_Router_Standard->match(Object(Mage_Core_Controller_Request_Http))
#14 D:\xampp\htdocs\catwalk88\app\code\core\Mage\Core\Model\App.php(354): Mage_Core_Controller_Varien_Front->dispatch()
#15 D:\xampp\htdocs\catwalk88\app\Mage.php(683): Mage_Core_Model_App->run(Array)
#16 D:\xampp\htdocs\catwalk88\index.php(89): Mage::run('', 'store')
#17 {main}
2013-07-08T07:23:07+00:00 ERR (3): 
exception 'Mage_Core_Exception' with message 'Invalid block type: Dono_Sales_Block_Adminhtml_Sales_Order' in D:\xampp\htdocs\catwalk88\app\Mage.php:594
Stack trace:
#0 D:\xampp\htdocs\catwalk88\app\code\core\Mage\Core\Model\Layout.php(495): Mage::throwException('Invalid block t...')
#1 D:\xampp\htdocs\catwalk88\app\code\core\Mage\Core\Model\Layout.php(437): Mage_Core_Model_Layout->_getBlockInstance('donosales/admin...', Array)
#2 D:\xampp\htdocs\catwalk88\app\code\core\Mage\Core\Model\Layout.php(472): Mage_Core_Model_Layout->createBlock('donosales/admin...', 'sales_order.gri...')
#3 D:\xampp\htdocs\catwalk88\app\code\core\Mage\Core\Model\Layout.php(239): Mage_Core_Model_Layout->addBlock('donosales/admin...', 'sales_order.gri...')
#4 D:\xampp\htdocs\catwalk88\app\code\core\Mage\Core\Model\Layout.php(205): Mage_Core_Model_Layout->_generateBlock(Object(Mage_Core_Model_Layout_Element), Object(Mage_Core_Model_Layout_Element))
#5 D:\xampp\htdocs\catwalk88\app\code\core\Mage\Core\Model\Layout.php(210): Mage_Core_Model_Layout->generateBlocks(Object(Mage_Core_Model_Layout_Element))
#6 D:\xampp\htdocs\catwalk88\app\code\core\Mage\Core\Controller\Varien\Action.php(344): Mage_Core_Model_Layout->generateBlocks()
#7 D:\xampp\htdocs\catwalk88\app\code\core\Mage\Core\Controller\Varien\Action.php(269): Mage_Core_Controller_Varien_Action->generateLayoutBlocks()
#8 D:\xampp\htdocs\catwalk88\app\code\core\Mage\Adminhtml\Controller\Action.php(275): Mage_Core_Controller_Varien_Action->loadLayout(NULL, true, true)
#9 D:\xampp\htdocs\catwalk88\app\code\local\Dono\Sales\controllers\Adminhtml\Order\AggregatorController.php(10): Mage_Adminhtml_Controller_Action->loadLayout()
#10 D:\xampp\htdocs\catwalk88\app\code\local\Dono\Sales\controllers\Adminhtml\Order\AggregatorController.php(22): Dono_Sales_Adminhtml_Order_AggregatorController->_initAction()
#11 D:\xampp\htdocs\catwalk88\app\code\core\Mage\Core\Controller\Varien\Action.php(419): Dono_Sales_Adminhtml_Order_AggregatorController->indexAction()
#12 D:\xampp\htdocs\catwalk88\app\code\core\Mage\Core\Controller\Varien\Router\Standard.php(250): Mage_Core_Controller_Varien_Action->dispatch('index')
#13 D:\xampp\htdocs\catwalk88\app\code\core\Mage\Core\Controller\Varien\Front.php(176): Mage_Core_Controller_Varien_Router_Standard->match(Object(Mage_Core_Controller_Request_Http))
#14 D:\xampp\htdocs\catwalk88\app\code\core\Mage\Core\Model\App.php(354): Mage_Core_Controller_Varien_Front->dispatch()
#15 D:\xampp\htdocs\catwalk88\app\Mage.php(683): Mage_Core_Model_App->run(Array)
#16 D:\xampp\htdocs\catwalk88\index.php(89): Mage::run('', 'store')
#17 {main}
2013-07-08T07:23:30+00:00 ERR (3): 
exception 'Mage_Core_Exception' with message 'Invalid block type: Dono_Sales_Block_Adminhtml_Sales_Order' in D:\xampp\htdocs\catwalk88\app\Mage.php:594
Stack trace:
#0 D:\xampp\htdocs\catwalk88\app\code\core\Mage\Core\Model\Layout.php(495): Mage::throwException('Invalid block t...')
#1 D:\xampp\htdocs\catwalk88\app\code\core\Mage\Core\Model\Layout.php(437): Mage_Core_Model_Layout->_getBlockInstance('donosales/admin...', Array)
#2 D:\xampp\htdocs\catwalk88\app\code\core\Mage\Core\Model\Layout.php(472): Mage_Core_Model_Layout->createBlock('donosales/admin...', 'sales_order.gri...')
#3 D:\xampp\htdocs\catwalk88\app\code\core\Mage\Core\Model\Layout.php(239): Mage_Core_Model_Layout->addBlock('donosales/admin...', 'sales_order.gri...')
#4 D:\xampp\htdocs\catwalk88\app\code\core\Mage\Core\Model\Layout.php(205): Mage_Core_Model_Layout->_generateBlock(Object(Mage_Core_Model_Layout_Element), Object(Mage_Core_Model_Layout_Element))
#5 D:\xampp\htdocs\catwalk88\app\code\core\Mage\Core\Model\Layout.php(210): Mage_Core_Model_Layout->generateBlocks(Object(Mage_Core_Model_Layout_Element))
#6 D:\xampp\htdocs\catwalk88\app\code\core\Mage\Core\Controller\Varien\Action.php(344): Mage_Core_Model_Layout->generateBlocks()
#7 D:\xampp\htdocs\catwalk88\app\code\core\Mage\Core\Controller\Varien\Action.php(269): Mage_Core_Controller_Varien_Action->generateLayoutBlocks()
#8 D:\xampp\htdocs\catwalk88\app\code\core\Mage\Adminhtml\Controller\Action.php(275): Mage_Core_Controller_Varien_Action->loadLayout(NULL, true, true)
#9 D:\xampp\htdocs\catwalk88\app\code\local\Dono\Sales\controllers\Adminhtml\Order\AggregatorController.php(10): Mage_Adminhtml_Controller_Action->loadLayout()
#10 D:\xampp\htdocs\catwalk88\app\code\local\Dono\Sales\controllers\Adminhtml\Order\AggregatorController.php(22): Dono_Sales_Adminhtml_Order_AggregatorController->_initAction()
#11 D:\xampp\htdocs\catwalk88\app\code\core\Mage\Core\Controller\Varien\Action.php(419): Dono_Sales_Adminhtml_Order_AggregatorController->indexAction()
#12 D:\xampp\htdocs\catwalk88\app\code\core\Mage\Core\Controller\Varien\Router\Standard.php(250): Mage_Core_Controller_Varien_Action->dispatch('index')
#13 D:\xampp\htdocs\catwalk88\app\code\core\Mage\Core\Controller\Varien\Front.php(176): Mage_Core_Controller_Varien_Router_Standard->match(Object(Mage_Core_Controller_Request_Http))
#14 D:\xampp\htdocs\catwalk88\app\code\core\Mage\Core\Model\App.php(354): Mage_Core_Controller_Varien_Front->dispatch()
#15 D:\xampp\htdocs\catwalk88\app\Mage.php(683): Mage_Core_Model_App->run(Array)
#16 D:\xampp\htdocs\catwalk88\index.php(89): Mage::run('', 'store')
#17 {main}
2013-07-08T07:23:41+00:00 ERR (3): 
exception 'Mage_Core_Exception' with message 'Invalid block type: Dono_Sales_Block_Adminhtml_Sales_Order' in D:\xampp\htdocs\catwalk88\app\Mage.php:594
Stack trace:
#0 D:\xampp\htdocs\catwalk88\app\code\core\Mage\Core\Model\Layout.php(495): Mage::throwException('Invalid block t...')
#1 D:\xampp\htdocs\catwalk88\app\code\core\Mage\Core\Model\Layout.php(437): Mage_Core_Model_Layout->_getBlockInstance('donosales/admin...', Array)
#2 D:\xampp\htdocs\catwalk88\app\code\core\Mage\Core\Model\Layout.php(472): Mage_Core_Model_Layout->createBlock('donosales/admin...', 'sales_order.gri...')
#3 D:\xampp\htdocs\catwalk88\app\code\core\Mage\Core\Model\Layout.php(239): Mage_Core_Model_Layout->addBlock('donosales/admin...', 'sales_order.gri...')
#4 D:\xampp\htdocs\catwalk88\app\code\core\Mage\Core\Model\Layout.php(205): Mage_Core_Model_Layout->_generateBlock(Object(Mage_Core_Model_Layout_Element), Object(Mage_Core_Model_Layout_Element))
#5 D:\xampp\htdocs\catwalk88\app\code\core\Mage\Core\Model\Layout.php(210): Mage_Core_Model_Layout->generateBlocks(Object(Mage_Core_Model_Layout_Element))
#6 D:\xampp\htdocs\catwalk88\app\code\core\Mage\Core\Controller\Varien\Action.php(344): Mage_Core_Model_Layout->generateBlocks()
#7 D:\xampp\htdocs\catwalk88\app\code\core\Mage\Core\Controller\Varien\Action.php(269): Mage_Core_Controller_Varien_Action->generateLayoutBlocks()
#8 D:\xampp\htdocs\catwalk88\app\code\core\Mage\Adminhtml\Controller\Action.php(275): Mage_Core_Controller_Varien_Action->loadLayout(NULL, true, true)
#9 D:\xampp\htdocs\catwalk88\app\code\local\Dono\Sales\controllers\Adminhtml\Order\AggregatorController.php(10): Mage_Adminhtml_Controller_Action->loadLayout()
#10 D:\xampp\htdocs\catwalk88\app\code\local\Dono\Sales\controllers\Adminhtml\Order\AggregatorController.php(22): Dono_Sales_Adminhtml_Order_AggregatorController->_initAction()
#11 D:\xampp\htdocs\catwalk88\app\code\core\Mage\Core\Controller\Varien\Action.php(419): Dono_Sales_Adminhtml_Order_AggregatorController->indexAction()
#12 D:\xampp\htdocs\catwalk88\app\code\core\Mage\Core\Controller\Varien\Router\Standard.php(250): Mage_Core_Controller_Varien_Action->dispatch('index')
#13 D:\xampp\htdocs\catwalk88\app\code\core\Mage\Core\Controller\Varien\Front.php(176): Mage_Core_Controller_Varien_Router_Standard->match(Object(Mage_Core_Controller_Request_Http))
#14 D:\xampp\htdocs\catwalk88\app\code\core\Mage\Core\Model\App.php(354): Mage_Core_Controller_Varien_Front->dispatch()
#15 D:\xampp\htdocs\catwalk88\app\Mage.php(683): Mage_Core_Model_App->run(Array)
#16 D:\xampp\htdocs\catwalk88\index.php(89): Mage::run('', 'store')
#17 {main}
2013-07-08T07:30:40+00:00 ERR (3): 
exception 'Mage_Core_Exception' with message 'Invalid block type: Dono_Sales_Block_Adminhtml_Sales_Order' in D:\xampp\htdocs\catwalk88\app\Mage.php:594
Stack trace:
#0 D:\xampp\htdocs\catwalk88\app\code\core\Mage\Core\Model\Layout.php(495): Mage::throwException('Invalid block t...')
#1 D:\xampp\htdocs\catwalk88\app\code\core\Mage\Core\Model\Layout.php(437): Mage_Core_Model_Layout->_getBlockInstance('donosales/admin...', Array)
#2 D:\xampp\htdocs\catwalk88\app\code\core\Mage\Core\Model\Layout.php(472): Mage_Core_Model_Layout->createBlock('donosales/admin...', 'sales_order.gri...')
#3 D:\xampp\htdocs\catwalk88\app\code\core\Mage\Core\Model\Layout.php(239): Mage_Core_Model_Layout->addBlock('donosales/admin...', 'sales_order.gri...')
#4 D:\xampp\htdocs\catwalk88\app\code\core\Mage\Core\Model\Layout.php(205): Mage_Core_Model_Layout->_generateBlock(Object(Mage_Core_Model_Layout_Element), Object(Mage_Core_Model_Layout_Element))
#5 D:\xampp\htdocs\catwalk88\app\code\core\Mage\Core\Model\Layout.php(210): Mage_Core_Model_Layout->generateBlocks(Object(Mage_Core_Model_Layout_Element))
#6 D:\xampp\htdocs\catwalk88\app\code\core\Mage\Core\Controller\Varien\Action.php(344): Mage_Core_Model_Layout->generateBlocks()
#7 D:\xampp\htdocs\catwalk88\app\code\core\Mage\Core\Controller\Varien\Action.php(269): Mage_Core_Controller_Varien_Action->generateLayoutBlocks()
#8 D:\xampp\htdocs\catwalk88\app\code\core\Mage\Adminhtml\Controller\Action.php(275): Mage_Core_Controller_Varien_Action->loadLayout(NULL, true, true)
#9 D:\xampp\htdocs\catwalk88\app\code\local\Dono\Sales\controllers\Adminhtml\Order\AggregatorController.php(10): Mage_Adminhtml_Controller_Action->loadLayout()
#10 D:\xampp\htdocs\catwalk88\app\code\local\Dono\Sales\controllers\Adminhtml\Order\AggregatorController.php(22): Dono_Sales_Adminhtml_Order_AggregatorController->_initAction()
#11 D:\xampp\htdocs\catwalk88\app\code\core\Mage\Core\Controller\Varien\Action.php(419): Dono_Sales_Adminhtml_Order_AggregatorController->indexAction()
#12 D:\xampp\htdocs\catwalk88\app\code\core\Mage\Core\Controller\Varien\Router\Standard.php(250): Mage_Core_Controller_Varien_Action->dispatch('index')
#13 D:\xampp\htdocs\catwalk88\app\code\core\Mage\Core\Controller\Varien\Front.php(176): Mage_Core_Controller_Varien_Router_Standard->match(Object(Mage_Core_Controller_Request_Http))
#14 D:\xampp\htdocs\catwalk88\app\code\core\Mage\Core\Model\App.php(354): Mage_Core_Controller_Varien_Front->dispatch()
#15 D:\xampp\htdocs\catwalk88\app\Mage.php(683): Mage_Core_Model_App->run(Array)
#16 D:\xampp\htdocs\catwalk88\index.php(89): Mage::run('', 'store')
#17 {main}
2013-07-08T07:30:43+00:00 ERR (3): 
exception 'Mage_Core_Exception' with message 'Invalid block type: Dono_Sales_Block_Adminhtml_Sales_Order' in D:\xampp\htdocs\catwalk88\app\Mage.php:594
Stack trace:
#0 D:\xampp\htdocs\catwalk88\app\code\core\Mage\Core\Model\Layout.php(495): Mage::throwException('Invalid block t...')
#1 D:\xampp\htdocs\catwalk88\app\code\core\Mage\Core\Model\Layout.php(437): Mage_Core_Model_Layout->_getBlockInstance('donosales/admin...', Array)
#2 D:\xampp\htdocs\catwalk88\app\code\core\Mage\Core\Model\Layout.php(472): Mage_Core_Model_Layout->createBlock('donosales/admin...', 'sales_order.gri...')
#3 D:\xampp\htdocs\catwalk88\app\code\core\Mage\Core\Model\Layout.php(239): Mage_Core_Model_Layout->addBlock('donosales/admin...', 'sales_order.gri...')
#4 D:\xampp\htdocs\catwalk88\app\code\core\Mage\Core\Model\Layout.php(205): Mage_Core_Model_Layout->_generateBlock(Object(Mage_Core_Model_Layout_Element), Object(Mage_Core_Model_Layout_Element))
#5 D:\xampp\htdocs\catwalk88\app\code\core\Mage\Core\Model\Layout.php(210): Mage_Core_Model_Layout->generateBlocks(Object(Mage_Core_Model_Layout_Element))
#6 D:\xampp\htdocs\catwalk88\app\code\core\Mage\Core\Controller\Varien\Action.php(344): Mage_Core_Model_Layout->generateBlocks()
#7 D:\xampp\htdocs\catwalk88\app\code\core\Mage\Core\Controller\Varien\Action.php(269): Mage_Core_Controller_Varien_Action->generateLayoutBlocks()
#8 D:\xampp\htdocs\catwalk88\app\code\core\Mage\Adminhtml\Controller\Action.php(275): Mage_Core_Controller_Varien_Action->loadLayout(NULL, true, true)
#9 D:\xampp\htdocs\catwalk88\app\code\local\Dono\Sales\controllers\Adminhtml\Order\AggregatorController.php(10): Mage_Adminhtml_Controller_Action->loadLayout()
#10 D:\xampp\htdocs\catwalk88\app\code\local\Dono\Sales\controllers\Adminhtml\Order\AggregatorController.php(22): Dono_Sales_Adminhtml_Order_AggregatorController->_initAction()
#11 D:\xampp\htdocs\catwalk88\app\code\core\Mage\Core\Controller\Varien\Action.php(419): Dono_Sales_Adminhtml_Order_AggregatorController->indexAction()
#12 D:\xampp\htdocs\catwalk88\app\code\core\Mage\Core\Controller\Varien\Router\Standard.php(250): Mage_Core_Controller_Varien_Action->dispatch('index')
#13 D:\xampp\htdocs\catwalk88\app\code\core\Mage\Core\Controller\Varien\Front.php(176): Mage_Core_Controller_Varien_Router_Standard->match(Object(Mage_Core_Controller_Request_Http))
#14 D:\xampp\htdocs\catwalk88\app\code\core\Mage\Core\Model\App.php(354): Mage_Core_Controller_Varien_Front->dispatch()
#15 D:\xampp\htdocs\catwalk88\app\Mage.php(683): Mage_Core_Model_App->run(Array)
#16 D:\xampp\htdocs\catwalk88\index.php(89): Mage::run('', 'store')
#17 {main}
2013-07-08T07:31:11+00:00 ERR (3): 
exception 'Mage_Core_Exception' with message 'Invalid block type: Dono_Sales_Block_Adminhtml_Sales_Order' in D:\xampp\htdocs\catwalk88\app\Mage.php:594
Stack trace:
#0 D:\xampp\htdocs\catwalk88\app\code\core\Mage\Core\Model\Layout.php(495): Mage::throwException('Invalid block t...')
#1 D:\xampp\htdocs\catwalk88\app\code\core\Mage\Core\Model\Layout.php(437): Mage_Core_Model_Layout->_getBlockInstance('donosales/admin...', Array)
#2 D:\xampp\htdocs\catwalk88\app\code\core\Mage\Core\Model\Layout.php(472): Mage_Core_Model_Layout->createBlock('donosales/admin...', 'sales_order.gri...')
#3 D:\xampp\htdocs\catwalk88\app\code\core\Mage\Core\Model\Layout.php(239): Mage_Core_Model_Layout->addBlock('donosales/admin...', 'sales_order.gri...')
#4 D:\xampp\htdocs\catwalk88\app\code\core\Mage\Core\Model\Layout.php(205): Mage_Core_Model_Layout->_generateBlock(Object(Mage_Core_Model_Layout_Element), Object(Mage_Core_Model_Layout_Element))
#5 D:\xampp\htdocs\catwalk88\app\code\core\Mage\Core\Model\Layout.php(210): Mage_Core_Model_Layout->generateBlocks(Object(Mage_Core_Model_Layout_Element))
#6 D:\xampp\htdocs\catwalk88\app\code\core\Mage\Core\Controller\Varien\Action.php(344): Mage_Core_Model_Layout->generateBlocks()
#7 D:\xampp\htdocs\catwalk88\app\code\core\Mage\Core\Controller\Varien\Action.php(269): Mage_Core_Controller_Varien_Action->generateLayoutBlocks()
#8 D:\xampp\htdocs\catwalk88\app\code\core\Mage\Adminhtml\Controller\Action.php(275): Mage_Core_Controller_Varien_Action->loadLayout(NULL, true, true)
#9 D:\xampp\htdocs\catwalk88\app\code\local\Dono\Sales\controllers\Adminhtml\Order\AggregatorController.php(23): Mage_Adminhtml_Controller_Action->loadLayout()
#10 D:\xampp\htdocs\catwalk88\app\code\core\Mage\Core\Controller\Varien\Action.php(419): Dono_Sales_Adminhtml_Order_AggregatorController->indexAction()
#11 D:\xampp\htdocs\catwalk88\app\code\core\Mage\Core\Controller\Varien\Router\Standard.php(250): Mage_Core_Controller_Varien_Action->dispatch('index')
#12 D:\xampp\htdocs\catwalk88\app\code\core\Mage\Core\Controller\Varien\Front.php(176): Mage_Core_Controller_Varien_Router_Standard->match(Object(Mage_Core_Controller_Request_Http))
#13 D:\xampp\htdocs\catwalk88\app\code\core\Mage\Core\Model\App.php(354): Mage_Core_Controller_Varien_Front->dispatch()
#14 D:\xampp\htdocs\catwalk88\app\Mage.php(683): Mage_Core_Model_App->run(Array)
#15 D:\xampp\htdocs\catwalk88\index.php(89): Mage::run('', 'store')
#16 {main}
2013-07-08T07:31:34+00:00 ERR (3): 
exception 'Mage_Core_Exception' with message 'Invalid block type: Dono_Sales_Block_Adminhtml_Sales_Order' in D:\xampp\htdocs\catwalk88\app\Mage.php:594
Stack trace:
#0 D:\xampp\htdocs\catwalk88\app\code\core\Mage\Core\Model\Layout.php(495): Mage::throwException('Invalid block t...')
#1 D:\xampp\htdocs\catwalk88\app\code\core\Mage\Core\Model\Layout.php(437): Mage_Core_Model_Layout->_getBlockInstance('donosales/admin...', Array)
#2 D:\xampp\htdocs\catwalk88\app\code\core\Mage\Core\Model\Layout.php(472): Mage_Core_Model_Layout->createBlock('donosales/admin...', 'sales_order.gri...')
#3 D:\xampp\htdocs\catwalk88\app\code\core\Mage\Core\Model\Layout.php(239): Mage_Core_Model_Layout->addBlock('donosales/admin...', 'sales_order.gri...')
#4 D:\xampp\htdocs\catwalk88\app\code\core\Mage\Core\Model\Layout.php(205): Mage_Core_Model_Layout->_generateBlock(Object(Mage_Core_Model_Layout_Element), Object(Mage_Core_Model_Layout_Element))
#5 D:\xampp\htdocs\catwalk88\app\code\core\Mage\Core\Model\Layout.php(210): Mage_Core_Model_Layout->generateBlocks(Object(Mage_Core_Model_Layout_Element))
#6 D:\xampp\htdocs\catwalk88\app\code\core\Mage\Core\Controller\Varien\Action.php(344): Mage_Core_Model_Layout->generateBlocks()
#7 D:\xampp\htdocs\catwalk88\app\code\core\Mage\Core\Controller\Varien\Action.php(269): Mage_Core_Controller_Varien_Action->generateLayoutBlocks()
#8 D:\xampp\htdocs\catwalk88\app\code\core\Mage\Adminhtml\Controller\Action.php(275): Mage_Core_Controller_Varien_Action->loadLayout(NULL, true, true)
#9 D:\xampp\htdocs\catwalk88\app\code\local\Dono\Sales\controllers\Adminhtml\Order\AggregatorController.php(23): Mage_Adminhtml_Controller_Action->loadLayout()
#10 D:\xampp\htdocs\catwalk88\app\code\core\Mage\Core\Controller\Varien\Action.php(419): Dono_Sales_Adminhtml_Order_AggregatorController->indexAction()
#11 D:\xampp\htdocs\catwalk88\app\code\core\Mage\Core\Controller\Varien\Router\Standard.php(250): Mage_Core_Controller_Varien_Action->dispatch('index')
#12 D:\xampp\htdocs\catwalk88\app\code\core\Mage\Core\Controller\Varien\Front.php(176): Mage_Core_Controller_Varien_Router_Standard->match(Object(Mage_Core_Controller_Request_Http))
#13 D:\xampp\htdocs\catwalk88\app\code\core\Mage\Core\Model\App.php(354): Mage_Core_Controller_Varien_Front->dispatch()
#14 D:\xampp\htdocs\catwalk88\app\Mage.php(683): Mage_Core_Model_App->run(Array)
#15 D:\xampp\htdocs\catwalk88\index.php(89): Mage::run('', 'store')
#16 {main}
2013-07-08T07:32:51+00:00 ERR (3): 
exception 'Mage_Core_Exception' with message 'Invalid block type: Dono_Sales_Block_Adminhtml_Sales_Order' in D:\xampp\htdocs\catwalk88\app\Mage.php:594
Stack trace:
#0 D:\xampp\htdocs\catwalk88\app\code\core\Mage\Core\Model\Layout.php(495): Mage::throwException('Invalid block t...')
#1 D:\xampp\htdocs\catwalk88\app\code\core\Mage\Core\Model\Layout.php(437): Mage_Core_Model_Layout->_getBlockInstance('donosales/admin...', Array)
#2 D:\xampp\htdocs\catwalk88\app\code\core\Mage\Core\Model\Layout.php(472): Mage_Core_Model_Layout->createBlock('donosales/admin...', 'sales_order.gri...')
#3 D:\xampp\htdocs\catwalk88\app\code\core\Mage\Core\Model\Layout.php(239): Mage_Core_Model_Layout->addBlock('donosales/admin...', 'sales_order.gri...')
#4 D:\xampp\htdocs\catwalk88\app\code\core\Mage\Core\Model\Layout.php(205): Mage_Core_Model_Layout->_generateBlock(Object(Mage_Core_Model_Layout_Element), Object(Mage_Core_Model_Layout_Element))
#5 D:\xampp\htdocs\catwalk88\app\code\core\Mage\Core\Model\Layout.php(210): Mage_Core_Model_Layout->generateBlocks(Object(Mage_Core_Model_Layout_Element))
#6 D:\xampp\htdocs\catwalk88\app\code\core\Mage\Core\Controller\Varien\Action.php(344): Mage_Core_Model_Layout->generateBlocks()
#7 D:\xampp\htdocs\catwalk88\app\code\core\Mage\Core\Controller\Varien\Action.php(269): Mage_Core_Controller_Varien_Action->generateLayoutBlocks()
#8 D:\xampp\htdocs\catwalk88\app\code\core\Mage\Adminhtml\Controller\Action.php(275): Mage_Core_Controller_Varien_Action->loadLayout(NULL, true, true)
#9 D:\xampp\htdocs\catwalk88\app\code\local\Dono\Sales\controllers\Adminhtml\Order\AggregatorController.php(10): Mage_Adminhtml_Controller_Action->loadLayout()
#10 D:\xampp\htdocs\catwalk88\app\code\local\Dono\Sales\controllers\Adminhtml\Order\AggregatorController.php(22): Dono_Sales_Adminhtml_Order_AggregatorController->_initAction()
#11 D:\xampp\htdocs\catwalk88\app\code\core\Mage\Core\Controller\Varien\Action.php(419): Dono_Sales_Adminhtml_Order_AggregatorController->indexAction()
#12 D:\xampp\htdocs\catwalk88\app\code\core\Mage\Core\Controller\Varien\Router\Standard.php(250): Mage_Core_Controller_Varien_Action->dispatch('index')
#13 D:\xampp\htdocs\catwalk88\app\code\core\Mage\Core\Controller\Varien\Front.php(176): Mage_Core_Controller_Varien_Router_Standard->match(Object(Mage_Core_Controller_Request_Http))
#14 D:\xampp\htdocs\catwalk88\app\code\core\Mage\Core\Model\App.php(354): Mage_Core_Controller_Varien_Front->dispatch()
#15 D:\xampp\htdocs\catwalk88\app\Mage.php(683): Mage_Core_Model_App->run(Array)
#16 D:\xampp\htdocs\catwalk88\index.php(89): Mage::run('', 'store')
#17 {main}
2013-07-08T07:33:29+00:00 ERR (3): 
exception 'Mage_Core_Exception' with message 'Invalid block type: Dono_Sales_Block_Adminhtml_Sales_Order' in D:\xampp\htdocs\catwalk88\app\Mage.php:594
Stack trace:
#0 D:\xampp\htdocs\catwalk88\app\code\core\Mage\Core\Model\Layout.php(495): Mage::throwException('Invalid block t...')
#1 D:\xampp\htdocs\catwalk88\app\code\core\Mage\Core\Model\Layout.php(437): Mage_Core_Model_Layout->_getBlockInstance('donosales/admin...', Array)
#2 D:\xampp\htdocs\catwalk88\app\code\core\Mage\Core\Model\Layout.php(472): Mage_Core_Model_Layout->createBlock('donosales/admin...', 'sales_order.gri...')
#3 D:\xampp\htdocs\catwalk88\app\code\core\Mage\Core\Model\Layout.php(239): Mage_Core_Model_Layout->addBlock('donosales/admin...', 'sales_order.gri...')
#4 D:\xampp\htdocs\catwalk88\app\code\core\Mage\Core\Model\Layout.php(205): Mage_Core_Model_Layout->_generateBlock(Object(Mage_Core_Model_Layout_Element), Object(Mage_Core_Model_Layout_Element))
#5 D:\xampp\htdocs\catwalk88\app\code\core\Mage\Core\Model\Layout.php(210): Mage_Core_Model_Layout->generateBlocks(Object(Mage_Core_Model_Layout_Element))
#6 D:\xampp\htdocs\catwalk88\app\code\core\Mage\Core\Controller\Varien\Action.php(344): Mage_Core_Model_Layout->generateBlocks()
#7 D:\xampp\htdocs\catwalk88\app\code\core\Mage\Core\Controller\Varien\Action.php(269): Mage_Core_Controller_Varien_Action->generateLayoutBlocks()
#8 D:\xampp\htdocs\catwalk88\app\code\core\Mage\Adminhtml\Controller\Action.php(275): Mage_Core_Controller_Varien_Action->loadLayout(NULL, true, true)
#9 D:\xampp\htdocs\catwalk88\app\code\local\Dono\Sales\controllers\Adminhtml\Order\AggregatorController.php(10): Mage_Adminhtml_Controller_Action->loadLayout()
#10 D:\xampp\htdocs\catwalk88\app\code\local\Dono\Sales\controllers\Adminhtml\Order\AggregatorController.php(22): Dono_Sales_Adminhtml_Order_AggregatorController->_initAction()
#11 D:\xampp\htdocs\catwalk88\app\code\core\Mage\Core\Controller\Varien\Action.php(419): Dono_Sales_Adminhtml_Order_AggregatorController->indexAction()
#12 D:\xampp\htdocs\catwalk88\app\code\core\Mage\Core\Controller\Varien\Router\Standard.php(250): Mage_Core_Controller_Varien_Action->dispatch('index')
#13 D:\xampp\htdocs\catwalk88\app\code\core\Mage\Core\Controller\Varien\Front.php(176): Mage_Core_Controller_Varien_Router_Standard->match(Object(Mage_Core_Controller_Request_Http))
#14 D:\xampp\htdocs\catwalk88\app\code\core\Mage\Core\Model\App.php(354): Mage_Core_Controller_Varien_Front->dispatch()
#15 D:\xampp\htdocs\catwalk88\app\Mage.php(683): Mage_Core_Model_App->run(Array)
#16 D:\xampp\htdocs\catwalk88\index.php(89): Mage::run('', 'store')
#17 {main}
2013-07-08T07:37:25+00:00 ERR (3): 
exception 'Mage_Core_Exception' with message 'Invalid block type: Dono_Sales_Block_Adminhtml_Sales_Order' in D:\xampp\htdocs\catwalk88\app\Mage.php:594
Stack trace:
#0 D:\xampp\htdocs\catwalk88\app\code\core\Mage\Core\Model\Layout.php(495): Mage::throwException('Invalid block t...')
#1 D:\xampp\htdocs\catwalk88\app\code\core\Mage\Core\Model\Layout.php(437): Mage_Core_Model_Layout->_getBlockInstance('donosales/admin...', Array)
#2 D:\xampp\htdocs\catwalk88\app\code\core\Mage\Core\Model\Layout.php(472): Mage_Core_Model_Layout->createBlock('donosales/admin...', 'sales_order.gri...')
#3 D:\xampp\htdocs\catwalk88\app\code\core\Mage\Core\Model\Layout.php(239): Mage_Core_Model_Layout->addBlock('donosales/admin...', 'sales_order.gri...')
#4 D:\xampp\htdocs\catwalk88\app\code\core\Mage\Core\Model\Layout.php(205): Mage_Core_Model_Layout->_generateBlock(Object(Mage_Core_Model_Layout_Element), Object(Mage_Core_Model_Layout_Element))
#5 D:\xampp\htdocs\catwalk88\app\code\core\Mage\Core\Model\Layout.php(210): Mage_Core_Model_Layout->generateBlocks(Object(Mage_Core_Model_Layout_Element))
#6 D:\xampp\htdocs\catwalk88\app\code\core\Mage\Core\Controller\Varien\Action.php(344): Mage_Core_Model_Layout->generateBlocks()
#7 D:\xampp\htdocs\catwalk88\app\code\core\Mage\Core\Controller\Varien\Action.php(269): Mage_Core_Controller_Varien_Action->generateLayoutBlocks()
#8 D:\xampp\htdocs\catwalk88\app\code\core\Mage\Adminhtml\Controller\Action.php(275): Mage_Core_Controller_Varien_Action->loadLayout(NULL, true, true)
#9 D:\xampp\htdocs\catwalk88\app\code\local\Dono\Sales\controllers\Adminhtml\Order\AggregatorController.php(10): Mage_Adminhtml_Controller_Action->loadLayout()
#10 D:\xampp\htdocs\catwalk88\app\code\local\Dono\Sales\controllers\Adminhtml\Order\AggregatorController.php(22): Dono_Sales_Adminhtml_Order_AggregatorController->_initAction()
#11 D:\xampp\htdocs\catwalk88\app\code\core\Mage\Core\Controller\Varien\Action.php(419): Dono_Sales_Adminhtml_Order_AggregatorController->indexAction()
#12 D:\xampp\htdocs\catwalk88\app\code\core\Mage\Core\Controller\Varien\Router\Standard.php(250): Mage_Core_Controller_Varien_Action->dispatch('index')
#13 D:\xampp\htdocs\catwalk88\app\code\core\Mage\Core\Controller\Varien\Front.php(176): Mage_Core_Controller_Varien_Router_Standard->match(Object(Mage_Core_Controller_Request_Http))
#14 D:\xampp\htdocs\catwalk88\app\code\core\Mage\Core\Model\App.php(354): Mage_Core_Controller_Varien_Front->dispatch()
#15 D:\xampp\htdocs\catwalk88\app\Mage.php(683): Mage_Core_Model_App->run(Array)
#16 D:\xampp\htdocs\catwalk88\index.php(89): Mage::run('', 'store')
#17 {main}
2013-07-08T07:37:30+00:00 ERR (3): 
exception 'Mage_Core_Exception' with message 'Invalid block type: Dono_Sales_Block_Adminhtml_Sales_Order' in D:\xampp\htdocs\catwalk88\app\Mage.php:594
Stack trace:
#0 D:\xampp\htdocs\catwalk88\app\code\core\Mage\Core\Model\Layout.php(495): Mage::throwException('Invalid block t...')
#1 D:\xampp\htdocs\catwalk88\app\code\core\Mage\Core\Model\Layout.php(437): Mage_Core_Model_Layout->_getBlockInstance('donosales/admin...', Array)
#2 D:\xampp\htdocs\catwalk88\app\code\core\Mage\Core\Model\Layout.php(472): Mage_Core_Model_Layout->createBlock('donosales/admin...', 'sales_order.gri...')
#3 D:\xampp\htdocs\catwalk88\app\code\core\Mage\Core\Model\Layout.php(239): Mage_Core_Model_Layout->addBlock('donosales/admin...', 'sales_order.gri...')
#4 D:\xampp\htdocs\catwalk88\app\code\core\Mage\Core\Model\Layout.php(205): Mage_Core_Model_Layout->_generateBlock(Object(Mage_Core_Model_Layout_Element), Object(Mage_Core_Model_Layout_Element))
#5 D:\xampp\htdocs\catwalk88\app\code\core\Mage\Core\Model\Layout.php(210): Mage_Core_Model_Layout->generateBlocks(Object(Mage_Core_Model_Layout_Element))
#6 D:\xampp\htdocs\catwalk88\app\code\core\Mage\Core\Controller\Varien\Action.php(344): Mage_Core_Model_Layout->generateBlocks()
#7 D:\xampp\htdocs\catwalk88\app\code\core\Mage\Core\Controller\Varien\Action.php(269): Mage_Core_Controller_Varien_Action->generateLayoutBlocks()
#8 D:\xampp\htdocs\catwalk88\app\code\core\Mage\Adminhtml\Controller\Action.php(275): Mage_Core_Controller_Varien_Action->loadLayout(NULL, true, true)
#9 D:\xampp\htdocs\catwalk88\app\code\local\Dono\Sales\controllers\Adminhtml\Order\AggregatorController.php(10): Mage_Adminhtml_Controller_Action->loadLayout()
#10 D:\xampp\htdocs\catwalk88\app\code\local\Dono\Sales\controllers\Adminhtml\Order\AggregatorController.php(22): Dono_Sales_Adminhtml_Order_AggregatorController->_initAction()
#11 D:\xampp\htdocs\catwalk88\app\code\core\Mage\Core\Controller\Varien\Action.php(419): Dono_Sales_Adminhtml_Order_AggregatorController->indexAction()
#12 D:\xampp\htdocs\catwalk88\app\code\core\Mage\Core\Controller\Varien\Router\Standard.php(250): Mage_Core_Controller_Varien_Action->dispatch('index')
#13 D:\xampp\htdocs\catwalk88\app\code\core\Mage\Core\Controller\Varien\Front.php(176): Mage_Core_Controller_Varien_Router_Standard->match(Object(Mage_Core_Controller_Request_Http))
#14 D:\xampp\htdocs\catwalk88\app\code\core\Mage\Core\Model\App.php(354): Mage_Core_Controller_Varien_Front->dispatch()
#15 D:\xampp\htdocs\catwalk88\app\Mage.php(683): Mage_Core_Model_App->run(Array)
#16 D:\xampp\htdocs\catwalk88\index.php(89): Mage::run('', 'store')
#17 {main}
2013-07-08T07:38:05+00:00 ERR (3): 
exception 'Mage_Core_Exception' with message 'Invalid block type: Dono_Sales_Block_Adminhtml_Sales_Order' in D:\xampp\htdocs\catwalk88\app\Mage.php:594
Stack trace:
#0 D:\xampp\htdocs\catwalk88\app\code\core\Mage\Core\Model\Layout.php(495): Mage::throwException('Invalid block t...')
#1 D:\xampp\htdocs\catwalk88\app\code\core\Mage\Core\Model\Layout.php(437): Mage_Core_Model_Layout->_getBlockInstance('donosales/admin...', Array)
#2 D:\xampp\htdocs\catwalk88\app\code\core\Mage\Core\Model\Layout.php(472): Mage_Core_Model_Layout->createBlock('donosales/admin...', 'sales_order.gri...')
#3 D:\xampp\htdocs\catwalk88\app\code\core\Mage\Core\Model\Layout.php(239): Mage_Core_Model_Layout->addBlock('donosales/admin...', 'sales_order.gri...')
#4 D:\xampp\htdocs\catwalk88\app\code\core\Mage\Core\Model\Layout.php(205): Mage_Core_Model_Layout->_generateBlock(Object(Mage_Core_Model_Layout_Element), Object(Mage_Core_Model_Layout_Element))
#5 D:\xampp\htdocs\catwalk88\app\code\core\Mage\Core\Model\Layout.php(210): Mage_Core_Model_Layout->generateBlocks(Object(Mage_Core_Model_Layout_Element))
#6 D:\xampp\htdocs\catwalk88\app\code\core\Mage\Core\Controller\Varien\Action.php(344): Mage_Core_Model_Layout->generateBlocks()
#7 D:\xampp\htdocs\catwalk88\app\code\core\Mage\Core\Controller\Varien\Action.php(269): Mage_Core_Controller_Varien_Action->generateLayoutBlocks()
#8 D:\xampp\htdocs\catwalk88\app\code\core\Mage\Adminhtml\Controller\Action.php(275): Mage_Core_Controller_Varien_Action->loadLayout(NULL, true, true)
#9 D:\xampp\htdocs\catwalk88\app\code\local\Dono\Sales\controllers\Adminhtml\Order\AggregatorController.php(10): Mage_Adminhtml_Controller_Action->loadLayout()
#10 D:\xampp\htdocs\catwalk88\app\code\local\Dono\Sales\controllers\Adminhtml\Order\AggregatorController.php(22): Dono_Sales_Adminhtml_Order_AggregatorController->_initAction()
#11 D:\xampp\htdocs\catwalk88\app\code\core\Mage\Core\Controller\Varien\Action.php(419): Dono_Sales_Adminhtml_Order_AggregatorController->indexAction()
#12 D:\xampp\htdocs\catwalk88\app\code\core\Mage\Core\Controller\Varien\Router\Standard.php(250): Mage_Core_Controller_Varien_Action->dispatch('index')
#13 D:\xampp\htdocs\catwalk88\app\code\core\Mage\Core\Controller\Varien\Front.php(176): Mage_Core_Controller_Varien_Router_Standard->match(Object(Mage_Core_Controller_Request_Http))
#14 D:\xampp\htdocs\catwalk88\app\code\core\Mage\Core\Model\App.php(354): Mage_Core_Controller_Varien_Front->dispatch()
#15 D:\xampp\htdocs\catwalk88\app\Mage.php(683): Mage_Core_Model_App->run(Array)
#16 D:\xampp\htdocs\catwalk88\index.php(89): Mage::run('', 'store')
#17 {main}
2013-07-08T08:02:53+00:00 ERR (3): 
exception 'Mage_Core_Exception' with message 'Invalid block type: Dono_Sales_Block_Adminhtml_Sales_Order' in D:\xampp\htdocs\catwalk88\app\Mage.php:594
Stack trace:
#0 D:\xampp\htdocs\catwalk88\app\code\core\Mage\Core\Model\Layout.php(495): Mage::throwException('Invalid block t...')
#1 D:\xampp\htdocs\catwalk88\app\code\core\Mage\Core\Model\Layout.php(437): Mage_Core_Model_Layout->_getBlockInstance('donosales/admin...', Array)
#2 D:\xampp\htdocs\catwalk88\app\code\core\Mage\Core\Model\Layout.php(472): Mage_Core_Model_Layout->createBlock('donosales/admin...', 'sales_order.gri...')
#3 D:\xampp\htdocs\catwalk88\app\code\core\Mage\Core\Model\Layout.php(239): Mage_Core_Model_Layout->addBlock('donosales/admin...', 'sales_order.gri...')
#4 D:\xampp\htdocs\catwalk88\app\code\core\Mage\Core\Model\Layout.php(205): Mage_Core_Model_Layout->_generateBlock(Object(Mage_Core_Model_Layout_Element), Object(Mage_Core_Model_Layout_Element))
#5 D:\xampp\htdocs\catwalk88\app\code\core\Mage\Core\Model\Layout.php(210): Mage_Core_Model_Layout->generateBlocks(Object(Mage_Core_Model_Layout_Element))
#6 D:\xampp\htdocs\catwalk88\app\code\core\Mage\Core\Controller\Varien\Action.php(344): Mage_Core_Model_Layout->generateBlocks()
#7 D:\xampp\htdocs\catwalk88\app\code\core\Mage\Core\Controller\Varien\Action.php(269): Mage_Core_Controller_Varien_Action->generateLayoutBlocks()
#8 D:\xampp\htdocs\catwalk88\app\code\core\Mage\Adminhtml\Controller\Action.php(275): Mage_Core_Controller_Varien_Action->loadLayout(NULL, true, true)
#9 D:\xampp\htdocs\catwalk88\app\code\local\Dono\Sales\controllers\Adminhtml\Order\AggregatorController.php(10): Mage_Adminhtml_Controller_Action->loadLayout()
#10 D:\xampp\htdocs\catwalk88\app\code\local\Dono\Sales\controllers\Adminhtml\Order\AggregatorController.php(22): Dono_Sales_Adminhtml_Order_AggregatorController->_initAction()
#11 D:\xampp\htdocs\catwalk88\app\code\core\Mage\Core\Controller\Varien\Action.php(419): Dono_Sales_Adminhtml_Order_AggregatorController->indexAction()
#12 D:\xampp\htdocs\catwalk88\app\code\core\Mage\Core\Controller\Varien\Router\Standard.php(250): Mage_Core_Controller_Varien_Action->dispatch('index')
#13 D:\xampp\htdocs\catwalk88\app\code\core\Mage\Core\Controller\Varien\Front.php(176): Mage_Core_Controller_Varien_Router_Standard->match(Object(Mage_Core_Controller_Request_Http))
#14 D:\xampp\htdocs\catwalk88\app\code\core\Mage\Core\Model\App.php(354): Mage_Core_Controller_Varien_Front->dispatch()
#15 D:\xampp\htdocs\catwalk88\app\Mage.php(683): Mage_Core_Model_App->run(Array)
#16 D:\xampp\htdocs\catwalk88\index.php(89): Mage::run('', 'store')
#17 {main}
2013-07-08T08:17:04+00:00 ERR (3): 
exception 'Mage_Core_Exception' with message 'Invalid block type: Dono_Sales_Block_Adminhtml_Sales_Order' in D:\xampp\htdocs\catwalk88\app\Mage.php:594
Stack trace:
#0 D:\xampp\htdocs\catwalk88\app\code\core\Mage\Core\Model\Layout.php(495): Mage::throwException('Invalid block t...')
#1 D:\xampp\htdocs\catwalk88\app\code\core\Mage\Core\Model\Layout.php(437): Mage_Core_Model_Layout->_getBlockInstance('donosales/admin...', Array)
#2 D:\xampp\htdocs\catwalk88\app\code\core\Mage\Core\Model\Layout.php(472): Mage_Core_Model_Layout->createBlock('donosales/admin...', 'sales_order.gri...')
#3 D:\xampp\htdocs\catwalk88\app\code\core\Mage\Core\Model\Layout.php(239): Mage_Core_Model_Layout->addBlock('donosales/admin...', 'sales_order.gri...')
#4 D:\xampp\htdocs\catwalk88\app\code\core\Mage\Core\Model\Layout.php(205): Mage_Core_Model_Layout->_generateBlock(Object(Mage_Core_Model_Layout_Element), Object(Mage_Core_Model_Layout_Element))
#5 D:\xampp\htdocs\catwalk88\app\code\core\Mage\Core\Model\Layout.php(210): Mage_Core_Model_Layout->generateBlocks(Object(Mage_Core_Model_Layout_Element))
#6 D:\xampp\htdocs\catwalk88\app\code\core\Mage\Core\Controller\Varien\Action.php(344): Mage_Core_Model_Layout->generateBlocks()
#7 D:\xampp\htdocs\catwalk88\app\code\core\Mage\Core\Controller\Varien\Action.php(269): Mage_Core_Controller_Varien_Action->generateLayoutBlocks()
#8 D:\xampp\htdocs\catwalk88\app\code\core\Mage\Adminhtml\Controller\Action.php(275): Mage_Core_Controller_Varien_Action->loadLayout(NULL, true, true)
#9 D:\xampp\htdocs\catwalk88\app\code\local\Dono\Sales\controllers\Adminhtml\Order\AggrController.php(10): Mage_Adminhtml_Controller_Action->loadLayout()
#10 D:\xampp\htdocs\catwalk88\app\code\local\Dono\Sales\controllers\Adminhtml\Order\AggrController.php(22): Dono_Sales_Adminhtml_Order_AggrController->_initAction()
#11 D:\xampp\htdocs\catwalk88\app\code\core\Mage\Core\Controller\Varien\Action.php(419): Dono_Sales_Adminhtml_Order_AggrController->indexAction()
#12 D:\xampp\htdocs\catwalk88\app\code\core\Mage\Core\Controller\Varien\Router\Standard.php(250): Mage_Core_Controller_Varien_Action->dispatch('index')
#13 D:\xampp\htdocs\catwalk88\app\code\core\Mage\Core\Controller\Varien\Front.php(176): Mage_Core_Controller_Varien_Router_Standard->match(Object(Mage_Core_Controller_Request_Http))
#14 D:\xampp\htdocs\catwalk88\app\code\core\Mage\Core\Model\App.php(354): Mage_Core_Controller_Varien_Front->dispatch()
#15 D:\xampp\htdocs\catwalk88\app\Mage.php(683): Mage_Core_Model_App->run(Array)
#16 D:\xampp\htdocs\catwalk88\index.php(89): Mage::run('', 'store')
#17 {main}
2013-07-08T08:19:16+00:00 ERR (3): 
exception 'Mage_Core_Exception' with message 'Invalid block type: Dono_Sales_Block_Adminhtml_Sales_Order_Grid' in D:\xampp\htdocs\catwalk88\app\Mage.php:594
Stack trace:
#0 D:\xampp\htdocs\catwalk88\app\code\core\Mage\Core\Model\Layout.php(495): Mage::throwException('Invalid block t...')
#1 D:\xampp\htdocs\catwalk88\app\code\core\Mage\Core\Model\Layout.php(437): Mage_Core_Model_Layout->_getBlockInstance('donosales/admin...', Array)
#2 D:\xampp\htdocs\catwalk88\app\code\core\Mage\Adminhtml\Block\Widget\Grid\Container.php(66): Mage_Core_Model_Layout->createBlock('donosales/admin...', 'adminhtml_sales...')
#3 D:\xampp\htdocs\catwalk88\app\code\core\Mage\Core\Block\Abstract.php(238): Mage_Adminhtml_Block_Widget_Grid_Container->_prepareLayout()
#4 D:\xampp\htdocs\catwalk88\app\code\core\Mage\Core\Model\Layout.php(456): Mage_Core_Block_Abstract->setLayout(Object(Mage_Core_Model_Layout))
#5 D:\xampp\htdocs\catwalk88\app\code\core\Mage\Core\Model\Layout.php(472): Mage_Core_Model_Layout->createBlock('donosales/admin...', 'sales_order.gri...')
#6 D:\xampp\htdocs\catwalk88\app\code\core\Mage\Core\Model\Layout.php(239): Mage_Core_Model_Layout->addBlock('donosales/admin...', 'sales_order.gri...')
#7 D:\xampp\htdocs\catwalk88\app\code\core\Mage\Core\Model\Layout.php(205): Mage_Core_Model_Layout->_generateBlock(Object(Mage_Core_Model_Layout_Element), Object(Mage_Core_Model_Layout_Element))
#8 D:\xampp\htdocs\catwalk88\app\code\core\Mage\Core\Model\Layout.php(210): Mage_Core_Model_Layout->generateBlocks(Object(Mage_Core_Model_Layout_Element))
#9 D:\xampp\htdocs\catwalk88\app\code\core\Mage\Core\Controller\Varien\Action.php(344): Mage_Core_Model_Layout->generateBlocks()
#10 D:\xampp\htdocs\catwalk88\app\code\core\Mage\Core\Controller\Varien\Action.php(269): Mage_Core_Controller_Varien_Action->generateLayoutBlocks()
#11 D:\xampp\htdocs\catwalk88\app\code\core\Mage\Adminhtml\Controller\Action.php(275): Mage_Core_Controller_Varien_Action->loadLayout(NULL, true, true)
#12 D:\xampp\htdocs\catwalk88\app\code\local\Dono\Sales\controllers\Adminhtml\Order\AggregatorController.php(10): Mage_Adminhtml_Controller_Action->loadLayout()
#13 D:\xampp\htdocs\catwalk88\app\code\local\Dono\Sales\controllers\Adminhtml\Order\AggregatorController.php(22): Dono_Sales_Adminhtml_Order_AggregatorController->_initAction()
#14 D:\xampp\htdocs\catwalk88\app\code\core\Mage\Core\Controller\Varien\Action.php(419): Dono_Sales_Adminhtml_Order_AggregatorController->indexAction()
#15 D:\xampp\htdocs\catwalk88\app\code\core\Mage\Core\Controller\Varien\Router\Standard.php(250): Mage_Core_Controller_Varien_Action->dispatch('index')
#16 D:\xampp\htdocs\catwalk88\app\code\core\Mage\Core\Controller\Varien\Front.php(176): Mage_Core_Controller_Varien_Router_Standard->match(Object(Mage_Core_Controller_Request_Http))
#17 D:\xampp\htdocs\catwalk88\app\code\core\Mage\Core\Model\App.php(354): Mage_Core_Controller_Varien_Front->dispatch()
#18 D:\xampp\htdocs\catwalk88\app\Mage.php(683): Mage_Core_Model_App->run(Array)
#19 D:\xampp\htdocs\catwalk88\index.php(89): Mage::run('', 'store')
#20 {main}
2013-07-08T08:19:36+00:00 ERR (3): 
exception 'Mage_Core_Exception' with message 'Invalid block type: Dono_Sales_Block_Adminhtml_Sales_Order_Grid' in D:\xampp\htdocs\catwalk88\app\Mage.php:594
Stack trace:
#0 D:\xampp\htdocs\catwalk88\app\code\core\Mage\Core\Model\Layout.php(495): Mage::throwException('Invalid block t...')
#1 D:\xampp\htdocs\catwalk88\app\code\core\Mage\Core\Model\Layout.php(437): Mage_Core_Model_Layout->_getBlockInstance('donosales/admin...', Array)
#2 D:\xampp\htdocs\catwalk88\app\code\core\Mage\Adminhtml\Block\Widget\Grid\Container.php(66): Mage_Core_Model_Layout->createBlock('donosales/admin...', 'adminhtml_sales...')
#3 D:\xampp\htdocs\catwalk88\app\code\core\Mage\Core\Block\Abstract.php(238): Mage_Adminhtml_Block_Widget_Grid_Container->_prepareLayout()
#4 D:\xampp\htdocs\catwalk88\app\code\core\Mage\Core\Model\Layout.php(456): Mage_Core_Block_Abstract->setLayout(Object(Mage_Core_Model_Layout))
#5 D:\xampp\htdocs\catwalk88\app\code\core\Mage\Core\Model\Layout.php(472): Mage_Core_Model_Layout->createBlock('donosales/admin...', 'sales_order.gri...')
#6 D:\xampp\htdocs\catwalk88\app\code\core\Mage\Core\Model\Layout.php(239): Mage_Core_Model_Layout->addBlock('donosales/admin...', 'sales_order.gri...')
#7 D:\xampp\htdocs\catwalk88\app\code\core\Mage\Core\Model\Layout.php(205): Mage_Core_Model_Layout->_generateBlock(Object(Mage_Core_Model_Layout_Element), Object(Mage_Core_Model_Layout_Element))
#8 D:\xampp\htdocs\catwalk88\app\code\core\Mage\Core\Model\Layout.php(210): Mage_Core_Model_Layout->generateBlocks(Object(Mage_Core_Model_Layout_Element))
#9 D:\xampp\htdocs\catwalk88\app\code\core\Mage\Core\Controller\Varien\Action.php(344): Mage_Core_Model_Layout->generateBlocks()
#10 D:\xampp\htdocs\catwalk88\app\code\core\Mage\Core\Controller\Varien\Action.php(269): Mage_Core_Controller_Varien_Action->generateLayoutBlocks()
#11 D:\xampp\htdocs\catwalk88\app\code\core\Mage\Adminhtml\Controller\Action.php(275): Mage_Core_Controller_Varien_Action->loadLayout(NULL, true, true)
#12 D:\xampp\htdocs\catwalk88\app\code\local\Dono\Sales\controllers\Adminhtml\Order\AggregatorController.php(10): Mage_Adminhtml_Controller_Action->loadLayout()
#13 D:\xampp\htdocs\catwalk88\app\code\local\Dono\Sales\controllers\Adminhtml\Order\AggregatorController.php(22): Dono_Sales_Adminhtml_Order_AggregatorController->_initAction()
#14 D:\xampp\htdocs\catwalk88\app\code\core\Mage\Core\Controller\Varien\Action.php(419): Dono_Sales_Adminhtml_Order_AggregatorController->indexAction()
#15 D:\xampp\htdocs\catwalk88\app\code\core\Mage\Core\Controller\Varien\Router\Standard.php(250): Mage_Core_Controller_Varien_Action->dispatch('index')
#16 D:\xampp\htdocs\catwalk88\app\code\core\Mage\Core\Controller\Varien\Front.php(176): Mage_Core_Controller_Varien_Router_Standard->match(Object(Mage_Core_Controller_Request_Http))
#17 D:\xampp\htdocs\catwalk88\app\code\core\Mage\Core\Model\App.php(354): Mage_Core_Controller_Varien_Front->dispatch()
#18 D:\xampp\htdocs\catwalk88\app\Mage.php(683): Mage_Core_Model_App->run(Array)
#19 D:\xampp\htdocs\catwalk88\index.php(89): Mage::run('', 'store')
#20 {main}
